{
  "stats": {
    "suites": 27,
    "tests": 97,
    "passes": 97,
    "pending": 0,
    "failures": 0,
    "start": "2020-01-19T14:25:05.202Z",
    "end": "2020-01-19T14:25:05.406Z",
    "duration": 204,
    "testsRegistered": 97,
    "passPercent": 100,
    "pendingPercent": 0,
    "other": 0,
    "hasOther": false,
    "skipped": 0,
    "hasSkipped": false
  },
  "results": [
    {
      "uuid": "3d516362-caf9-4fb1-8b40-6393671dc03c",
      "title": "",
      "fullFile": "",
      "file": "",
      "beforeHooks": [],
      "afterHooks": [],
      "tests": [],
      "suites": [
        {
          "uuid": "6c874cde-f9b3-4644-976e-2497ff0803c9",
          "title": "GRID.TOO_MUCH_MARKETING_BLOCKS",
          "fullFile": "C:\\Users\\kar\\Documents\\Web\\shri\\2020\\moscow\\february\\task2\\stub\\test\\test-grid.js",
          "file": "\\test\\test-grid.js",
          "beforeHooks": [],
          "afterHooks": [],
          "tests": [],
          "suites": [
            {
              "uuid": "5cfb243d-6ef3-4e42-82a3-2af9fef326c7",
              "title": "INVALID",
              "fullFile": "C:\\Users\\kar\\Documents\\Web\\shri\\2020\\moscow\\february\\task2\\stub\\test\\test-grid.js",
              "file": "\\test\\test-grid.js",
              "beforeHooks": [],
              "afterHooks": [],
              "tests": [
                {
                  "title": "Payment 2 and Offer 8",
                  "fullTitle": "GRID.TOO_MUCH_MARKETING_BLOCKS INVALID Payment 2 and Offer 8",
                  "timedOut": false,
                  "duration": 6,
                  "state": "passed",
                  "speed": "fast",
                  "pass": true,
                  "fail": false,
                  "pending": false,
                  "context": null,
                  "code": "const inputJson = `{\n    \"block\": \"grid\",\n    \"mods\": {\n        \"m-columns\": \"10\"\n    },\n    \"content\": [\n        {\n            \"block\": \"grid\",\n            \"elem\": \"fraction\",\n            \"elemMods\": {\n                \"m-col\": \"2\"\n            },\n            \"content\": [\n                {\n                    \"block\": \"payment\"\n                }\n            ]\n        },\n        {\n            \"block\": \"grid\",\n            \"elem\": \"fraction\",\n            \"elemMods\": {\n                \"m-col\": \"8\"\n            },\n            \"content\": [\n                {\n                    \"block\": \"offer\"\n                }\n            ]\n        }\n    ]\n }`;\nconst result = lint(inputJson);\nexpect(result).to.be.an('array').that.is.deep.equal([\n    {\n        \"code\": \"GRID.TOO_MUCH_MARKETING_BLOCKS\",\n        \"error\": \"Маркетинговые блоки занимают больше половины или ровно половину от всех колонок блока grid\",\n        \"location\": {\n            \"start\": { \"column\": 1, \"line\": 1 },\n            \"end\": { \"column\": 15, \"line\": 32 }\n        }\n    }\n]);",
                  "err": {},
                  "uuid": "2586962f-9231-4eca-a7da-c584d9935f22",
                  "parentUUID": "5cfb243d-6ef3-4e42-82a3-2af9fef326c7",
                  "isHook": false,
                  "skipped": false
                },
                {
                  "title": "3 warning and 3 marketings",
                  "fullTitle": "GRID.TOO_MUCH_MARKETING_BLOCKS INVALID 3 warning and 3 marketings",
                  "timedOut": false,
                  "duration": 1,
                  "state": "passed",
                  "speed": "fast",
                  "pass": true,
                  "fail": false,
                  "pending": false,
                  "context": null,
                  "code": "const inputJson = `{\n    \"block\": \"grid\",\n    \"mods\": {\n        \"m-columns\": \"6\"\n    },\n    \"content\": [\n        {\n            \"block\": \"grid\",\n            \"elem\": \"fraction\",\n            \"elemMods\": {\n                \"m-col\": \"3\"\n            },\n            \"content\": [\n                {\n                    \"block\": \"warning\"\n                }\n            ]\n        },\n        {\n            \"block\": \"grid\",\n            \"elem\": \"fraction\",\n            \"elemMods\": {\n                \"m-col\": \"1\"\n            },\n            \"content\": [\n                {\n                    \"block\": \"offer\"\n                }\n            ]\n        },\n        {\n            \"block\": \"grid\",\n            \"elem\": \"fraction\",\n            \"elemMods\": {\n                \"m-col\": \"1\"\n            },\n            \"content\": [\n                {\n                    \"block\": \"commercial\"\n                }\n            ]\n        },\n        {\n            \"block\": \"grid\",\n            \"elem\": \"fraction\",\n            \"elemMods\": {\n                \"m-col\": \"1\"\n            },\n            \"content\": [\n                {\n                    \"block\": \"offer\"\n                }\n            ]\n        }\n    ]\n }`;\nconst result = lint(inputJson);\nexpect(result).to.be.an('array').that.is.deep.equal([\n    {\n        \"code\": \"GRID.TOO_MUCH_MARKETING_BLOCKS\",\n        \"error\": \"Маркетинговые блоки занимают больше половины или ровно половину от всех колонок блока grid\",\n        \"location\": {\n            \"start\": { \"column\": 1, \"line\": 1 },\n            \"end\": { \"column\": 15, \"line\": 56 }\n        }\n    }\n]);",
                  "err": {},
                  "uuid": "c5516323-655e-4955-b3b6-074a68a621d5",
                  "parentUUID": "5cfb243d-6ef3-4e42-82a3-2af9fef326c7",
                  "isHook": false,
                  "skipped": false
                }
              ],
              "suites": [],
              "passes": [
                "2586962f-9231-4eca-a7da-c584d9935f22",
                "c5516323-655e-4955-b3b6-074a68a621d5"
              ],
              "failures": [],
              "pending": [],
              "skipped": [],
              "duration": 7,
              "root": false,
              "rootEmpty": false,
              "_timeout": 2000
            },
            {
              "uuid": "442d0041-fa6f-43d6-a7ba-feb9f7be2474",
              "title": "VALID",
              "fullFile": "C:\\Users\\kar\\Documents\\Web\\shri\\2020\\moscow\\february\\task2\\stub\\test\\test-grid.js",
              "file": "\\test\\test-grid.js",
              "beforeHooks": [],
              "afterHooks": [],
              "tests": [
                {
                  "title": "Payment 8 and Offer 2",
                  "fullTitle": "GRID.TOO_MUCH_MARKETING_BLOCKS VALID Payment 8 and Offer 2",
                  "timedOut": false,
                  "duration": 1,
                  "state": "passed",
                  "speed": "fast",
                  "pass": true,
                  "fail": false,
                  "pending": false,
                  "context": null,
                  "code": "const inputJson = `{\n    \"block\": \"grid\",\n    \"mods\": {\n        \"m-columns\": \"10\"\n    },\n    \"content\": [\n        {\n            \"block\": \"grid\",\n            \"elem\": \"fraction\",\n            \"elemMods\": {\n                \"m-col\": \"8\"\n            },\n            \"content\": [\n                {\n                    \"block\": \"payment\"\n                }\n            ]\n        },\n        {\n            \"block\": \"grid\",\n            \"elem\": \"fraction\",\n            \"elemMods\": {\n                \"m-col\": \"2\"\n            },\n            \"content\": [\n                {\n                    \"block\": \"offer\"\n                }\n            ]\n        }\n    ]\n }`;\nconst result = lint(inputJson);\nexpect(result).to.be.an('array').that.is.empty;",
                  "err": {},
                  "uuid": "1cab70a7-48a4-49f5-99b0-353dba2e0ce2",
                  "parentUUID": "442d0041-fa6f-43d6-a7ba-feb9f7be2474",
                  "isHook": false,
                  "skipped": false
                },
                {
                  "title": "8 different and 2 commercial",
                  "fullTitle": "GRID.TOO_MUCH_MARKETING_BLOCKS VALID 8 different and 2 commercial",
                  "timedOut": false,
                  "duration": 3,
                  "state": "passed",
                  "speed": "fast",
                  "pass": true,
                  "fail": false,
                  "pending": false,
                  "context": null,
                  "code": "const inputJson = `{\n    \"block\": \"grid\",\n    \"mods\": {\n        \"m-columns\": \"10\"\n    },\n    \"content\": [\n        {\n            \"block\": \"grid\",\n            \"elem\": \"fraction\",\n            \"elemMods\": {\n                \"m-col\": \"1\"\n            },\n            \"content\": [\n                {\n                    \"block\": \"warning\"\n                }\n            ]\n        },\n        {\n            \"block\": \"grid\",\n            \"elem\": \"fraction\",\n            \"elemMods\": {\n                \"m-col\": \"1\"\n            },\n            \"content\": [\n                {\n                    \"block\": \"product\"\n                }\n            ]\n        },\n        {\n            \"block\": \"grid\",\n            \"elem\": \"fraction\",\n            \"elemMods\": {\n                \"m-col\": \"1\"\n            },\n            \"content\": [\n                {\n                    \"block\": \"history\"\n                }\n            ]\n        },\n        {\n            \"block\": \"grid\",\n            \"elem\": \"fraction\",\n            \"elemMods\": {\n                \"m-col\": \"1\"\n            },\n            \"content\": [\n                {\n                    \"block\": \"cover\"\n                }\n            ]\n        },\n        {\n            \"block\": \"grid\",\n            \"elem\": \"fraction\",\n            \"elemMods\": {\n                \"m-col\": \"1\"\n            },\n            \"content\": [\n                {\n                    \"block\": \"collect\"\n                }\n            ]\n        },\n        {\n            \"block\": \"grid\",\n            \"elem\": \"fraction\",\n            \"elemMods\": {\n                \"m-col\": \"1\"\n            },\n            \"content\": [\n                {\n                    \"block\": \"articles\"\n                }\n            ]\n        },\n        {\n            \"block\": \"grid\",\n            \"elem\": \"fraction\",\n            \"elemMods\": {\n                \"m-col\": \"1\"\n            },\n            \"content\": [\n                {\n                    \"block\": \"subscribtion\"\n                }\n            ]\n        },\n        {\n            \"block\": \"grid\",\n            \"elem\": \"fraction\",\n            \"elemMods\": {\n                \"m-col\": \"1\"\n            },\n            \"content\": [\n                {\n                    \"block\": \"event\"\n                }\n            ]\n        },\n        {\n            \"block\": \"grid\",\n            \"elem\": \"fraction\",\n            \"elemMods\": {\n                \"m-col\": \"2\"\n            },\n            \"content\": [\n                {\n                    \"block\": \"commercial\"\n                }\n            ]\n        }\n    ]\n }`;\nconst result = lint(inputJson);\nexpect(result).to.be.an('array').that.is.empty;",
                  "err": {},
                  "uuid": "b128ac23-a580-4366-bc8c-6f500f0299d6",
                  "parentUUID": "442d0041-fa6f-43d6-a7ba-feb9f7be2474",
                  "isHook": false,
                  "skipped": false
                }
              ],
              "suites": [],
              "passes": [
                "1cab70a7-48a4-49f5-99b0-353dba2e0ce2",
                "b128ac23-a580-4366-bc8c-6f500f0299d6"
              ],
              "failures": [],
              "pending": [],
              "skipped": [],
              "duration": 4,
              "root": false,
              "rootEmpty": false,
              "_timeout": 2000
            }
          ],
          "passes": [],
          "failures": [],
          "pending": [],
          "skipped": [],
          "duration": 0,
          "root": false,
          "rootEmpty": false,
          "_timeout": 2000
        },
        {
          "uuid": "34945632-03d8-458a-8fb8-6a5aa5e49fb7",
          "title": "Test index.json",
          "fullFile": "C:\\Users\\kar\\Documents\\Web\\shri\\2020\\moscow\\february\\task2\\stub\\test\\test-index-json.js",
          "file": "\\test\\test-index-json.js",
          "beforeHooks": [],
          "afterHooks": [],
          "tests": [
            {
              "title": "index.json",
              "fullTitle": "Test index.json index.json",
              "timedOut": false,
              "duration": 39,
              "state": "passed",
              "speed": "medium",
              "pass": true,
              "fail": false,
              "pending": false,
              "context": null,
              "code": "const result = lint(`\n{\n    \"block\": \"page\",\n    \"mix\": [\n        {\n            \"block\": \"theme\",\n            \"mods\": {\n                \"color\": \"project-default\",\n                \"size\": \"default\",\n                \"space\": \"default\",\n                \"gap\": \"small\"\n            }\n        }\n    ],\n    \"content\": [\n        {\n            \"block\": \"header\",\n            \"content\": {\n                \"block\": \"header\",\n                \"elem\": \"content\",\n                \"content\": [\n                    {\n                        \"block\": \"header\",\n                        \"elem\": \"logo\"\n                    },\n                    [\n                        {\n                            \"block\": \"onoffswitch\",\n                            \"mods\": {\n                                \"checked\": true\n                            },\n                            \"content\": [\n                                {\n                                    \"block\": \"onoffswitch\",\n                                    \"elem\": \"button\"\n                                }\n                            ]\n                        }\n                    ]\n                ]\n            }\n        },\n        {\n            \"block\": \"layout\",\n            \"content\": [\n                {\n                    \"block\": \"layout\",\n                    \"elem\": \"container\",\n                    \"mix\": [\n                        {\n                            \"block\": \"section\",\n                            \"mods\": {\n                                \"indent-b\": \"xxl\"\n                            }\n                        }\n                    ],\n                    \"elemMods\": {\n                        \"size\": \"m\",\n                        \"align\": \"center\"\n                    },\n                    \"content\": [\n                        {\n                            \"block\": \"grid\",\n                            \"mods\": {\n                                \"col-gap\": \"full\",\n                                \"row-gap\": \"full\",\n                                \"m-columns\": 12\n                            },\n                            \"content\": [\n                                {\n                                    \"block\": \"grid\",\n                                    \"elem\": \"fraction\",\n                                    \"elemMods\": {\n                                        \"m-col\": 4\n                                    },\n                                    \"content\": [\n                                        {\n                                            \"block\": \"warning\",\n                                            \"mix\": [\n                                                {\n                                                    \"block\": \"informer\",\n                                                    \"mods\": {\n                                                        \"border\": \"all\",\n                                                        \"view\": \"default\"\n                                                    }\n                                                },\n                                                {\n                                                    \"block\": \"theme\",\n                                                    \"mods\": {\n                                                        \"color\": \"project-warning\"\n                                                    }\n                                                }\n                                            ],\n                                            \"content\": [\n                                                {\n                                                    \"block\": \"warning\",\n                                                    \"elem\": \"content\",\n                                                    \"mix\": [\n                                                        {\n                                                            \"block\": \"informer\",\n                                                            \"elem\": \"content\",\n                                                            \"elemMods\": {\n                                                                \"distribute\": \"center\",\n                                                                \"space-a\": \"xxl\"\n                                                            }\n                                                        }\n                                                    ],\n                                                    \"content\": [\n                                                        {\n                                                            \"block\": \"placeholder\",\n                                                            \"mods\": {\n                                                                \"view\": \"primary\",\n                                                                \"size\": \"m\"\n                                                            }\n                                                        },\n                                                        {\n                                                            \"block\": \"text\",\n                                                            \"mods\": {\n                                                                \"view\": \"primary\",\n                                                                \"size\": \"xl\",\n                                                                \"align\": \"center\"\n                                                            },\n                                                            \"content\": [\n                                                                {\n                                                                    \"block\": \"text\",\n                                                                    \"elem\": \"word\",\n                                                                    \"elemMods\": {\n                                                                        \"width\": \"s\"\n                                                                    }\n                                                                },\n                                                                {\n                                                                    \"block\": \"text\",\n                                                                    \"elem\": \"word\",\n                                                                    \"elemMods\": {\n                                                                        \"width\": \"l\"\n                                                                    }\n                                                                },\n                                                                {\n                                                                    \"block\": \"text\",\n                                                                    \"elem\": \"word\",\n                                                                    \"elemMods\": {\n                                                                        \"width\": \"m\"\n                                                                    }\n                                                                },\n                                                                {\n                                                                    \"block\": \"text\",\n                                                                    \"elem\": \"word\",\n                                                                    \"elemMods\": {\n                                                                        \"width\": \"m\"\n                                                                    }\n                                                                },\n                                                                {\n                                                                    \"block\": \"text\",\n                                                                    \"elem\": \"word\",\n                                                                    \"elemMods\": {\n                                                                        \"width\": \"s\"\n                                                                    }\n                                                                },\n                                                                {\n                                                                    \"block\": \"text\",\n                                                                    \"elem\": \"word\",\n                                                                    \"elemMods\": {\n                                                                        \"width\": \"m\"\n                                                                    }\n                                                                },\n                                                                {\n                                                                    \"block\": \"text\",\n                                                                    \"elem\": \"word\",\n                                                                    \"elemMods\": {\n                                                                        \"width\": \"l\"\n                                                                    }\n                                                                },\n                                                                {\n                                                                    \"block\": \"text\",\n                                                                    \"elem\": \"word\",\n                                                                    \"elemMods\": {\n                                                                        \"width\": \"s\"\n                                                                    }\n                                                                },\n                                                                {\n                                                                    \"block\": \"text\",\n                                                                    \"elem\": \"word\",\n                                                                    \"elemMods\": {\n                                                                        \"width\": \"m\"\n                                                                    }\n                                                                }\n                                                            ]\n                                                        }\n                                                    ]\n                                                },\n                                                {\n                                                    \"block\": \"warning\",\n                                                    \"elem\": \"button-wrapper\",\n                                                    \"mix\": [\n                                                        {\n                                                            \"block\": \"informer\",\n                                                            \"elem\": \"action\",\n                                                            \"elemMods\": {\n                                                                \"distribute\": \"center\",\n                                                                \"space-a\": \"xl\"\n                                                            }\n                                                        }\n                                                    ],\n                                                    \"content\": [\n                                                        {\n                                                            \"block\": \"button\",\n                                                            \"mods\": {\n                                                                \"size\": \"l\"\n                                                            }\n                                                        }\n                                                    ]\n                                                }\n                                            ]\n                                        }\n                                    ]\n                                },\n                                {\n                                    \"block\": \"grid\",\n                                    \"elem\": \"fraction\",\n                                    \"elemMods\": {\n                                        \"m-col\": 8\n                                    },\n                                    \"content\": [\n                                        {\n                                            \"block\": \"payment\",\n                                            \"mix\": [\n                                                {\n                                                    \"block\": \"form\"\n                                                },\n                                                {\n                                                    \"block\": \"form\",\n                                                    \"mods\": {\n                                                        \"border\": \"all\",\n                                                        \"view\": \"default\"\n                                                    }\n                                                }\n                                            ],\n                                            \"content\": [\n                                                {\n                                                    \"block\": \"payment\",\n                                                    \"elem\": \"header\",\n                                                    \"mix\": [\n                                                        {\n                                                            \"block\": \"form\",\n                                                            \"elem\": \"header\"\n                                                        },\n                                                        {\n                                                            \"block\": \"form\",\n                                                            \"elem\": \"item\",\n                                                            \"elemMods\": {\n                                                                \"space-v\": \"l\",\n                                                                \"space-h\": \"xl\",\n                                                                \"border\": \"bottom\"\n                                                            }\n                                                        }\n                                                    ],\n                                                    \"content\": [\n                                                        {\n                                                            \"block\": \"text\",\n                                                            \"mods\": {\n                                                                \"view\": \"primary\",\n                                                                \"size\": \"xxl\"\n                                                            },\n                                                            \"content\": {\n                                                                \"block\": \"text\",\n                                                                \"elem\": \"word\",\n                                                                \"elemMods\": {\n                                                                    \"width\": \"l\"\n                                                                }\n                                                            }\n                                                        }\n                                                    ]\n                                                },\n                                                {\n                                                    \"block\": \"payment\",\n                                                    \"elem\": \"content\",\n                                                    \"mix\": [\n                                                        {\n                                                            \"block\": \"form\",\n                                                            \"elem\": \"content\"\n                                                        },\n                                                        {\n                                                            \"block\": \"form\",\n                                                            \"elem\": \"item\",\n                                                            \"elemMods\": {\n                                                                \"space-v\": \"xxxl\",\n                                                                \"space-h\": \"xl\",\n                                                                \"border\": \"bottom\"\n                                                            }\n                                                        }\n                                                    ],\n                                                    \"content\": [\n                                                        {\n                                                            \"block\": \"form\",\n                                                            \"elem\": \"item\",\n                                                            \"elemMods\": {\n                                                                \"indent-b\": \"xl\",\n                                                                \"distribute\": \"between\",\n                                                                \"vertical-align\": \"center\"\n                                                            },\n                                                            \"content\": [\n                                                                {\n                                                                    \"block\": \"form\",\n                                                                    \"elem\": \"label\",\n                                                                    \"elemMods\": {\n                                                                        \"width\": \"default\"\n                                                                    },\n                                                                    \"mix\": [\n                                                                        {\n                                                                            \"block\": \"text\",\n                                                                            \"mods\": {\n                                                                                \"view\": \"primary\",\n                                                                                \"size\": \"l\"\n                                                                            }\n                                                                        }\n                                                                    ],\n                                                                    \"content\": [\n                                                                        {\n                                                                            \"block\": \"text\",\n                                                                            \"elem\": \"word\",\n                                                                            \"elemMods\": {\n                                                                                \"width\": \"l\"\n                                                                            }\n                                                                        }\n                                                                    ]\n                                                                },\n                                                                {\n                                                                    \"block\": \"form\",\n                                                                    \"elem\": \"control\",\n                                                                    \"content\": {\n                                                                        \"block\": \"input\",\n                                                                        \"mods\": {\n                                                                            \"size\": \"l\"\n                                                                        }\n                                                                    }\n                                                                }\n                                                            ]\n                                                        },\n                                                        {\n                                                            \"block\": \"form\",\n                                                            \"elem\": \"item\",\n                                                            \"elemMods\": {\n                                                                \"indent-b\": \"xl\",\n                                                                \"distribute\": \"between\",\n                                                                \"vertical-align\": \"center\"\n                                                            },\n                                                            \"content\": [\n                                                                {\n                                                                    \"block\": \"form\",\n                                                                    \"elem\": \"label\",\n                                                                    \"elemMods\": {\n                                                                        \"width\": \"default\"\n                                                                    },\n                                                                    \"mix\": [\n                                                                        {\n                                                                            \"block\": \"text\",\n                                                                            \"mods\": {\n                                                                                \"view\": \"primary\",\n                                                                                \"size\": \"l\"\n                                                                            }\n                                                                        }\n                                                                    ],\n                                                                    \"content\": [\n                                                                        {\n                                                                            \"block\": \"text\",\n                                                                            \"elem\": \"word\",\n                                                                            \"elemMods\": {\n                                                                                \"width\": \"l\"\n                                                                            }\n                                                                        }\n                                                                    ]\n                                                                },\n                                                                {\n                                                                    \"block\": \"form\",\n                                                                    \"elem\": \"control\",\n                                                                    \"content\": {\n                                                                        \"block\": \"input\",\n                                                                        \"mods\": {\n                                                                            \"size\": \"l\"\n                                                                        }\n                                                                    }\n                                                                }\n                                                            ]\n                                                        }\n                                                    ]\n                                                },\n                                                {\n                                                    \"block\": \"payment\",\n                                                    \"elem\": \"footer\",\n                                                    \"mix\": [\n                                                        {\n                                                            \"block\": \"form\",\n                                                            \"elem\": \"item\",\n                                                            \"elemMods\": {\n                                                                \"distribute\": \"between\",\n                                                                \"vertical-align\": \"center\",\n                                                                \"space-v\": \"l\",\n                                                                \"space-h\": \"xl\"\n                                                            }\n                                                        }\n                                                    ],\n                                                    \"content\": [\n                                                        {\n                                                            \"block\": \"form\",\n                                                            \"elem\": \"label\",\n                                                            \"elemMods\": {\n                                                                \"width\": \"default\"\n                                                            },\n                                                            \"mix\": [\n                                                                {\n                                                                    \"block\": \"text\",\n                                                                    \"mods\": {\n                                                                        \"view\": \"primary\",\n                                                                        \"size\": \"l\"\n                                                                    }\n                                                                }\n                                                            ],\n                                                            \"content\": [\n                                                                {\n                                                                    \"block\": \"text\",\n                                                                    \"elem\": \"word\",\n                                                                    \"elemMods\": {\n                                                                        \"width\": \"l\"\n                                                                    }\n                                                                }\n                                                            ]\n                                                        },\n                                                        {\n                                                            \"block\": \"form\",\n                                                            \"elem\": \"control\",\n                                                            \"content\": [\n                                                                {\n                                                                    \"block\": \"button\",\n                                                                    \"mods\": {\n                                                                        \"size\": \"l\"\n                                                                    }\n                                                                }\n                                                            ]\n                                                        }\n                                                    ]\n                                                }\n                                            ]\n                                        }\n                                    ]\n                                }\n                            ]\n                        }\n                    ]\n                },\n                {\n                    \"block\": \"layout\",\n                    \"elem\": \"container\",\n                    \"elemMods\": {\n                        \"size\": \"m\",\n                        \"align\": \"center\"\n                    },\n                    \"mix\": [\n                        {\n                            \"block\": \"section\",\n                            \"mods\": {\n                                \"indent-b\": \"xxl\"\n                            }\n                        }\n                    ],\n                    \"content\": [\n                        {\n                            \"block\": \"grid\",\n                            \"mods\": {\n                                \"col-gap\": \"half\",\n                                \"row-gap\": \"half\",\n                                \"m-columns\": 10\n                            },\n                            \"content\": [\n                                {\n                                    \"block\": \"grid\",\n                                    \"elem\": \"fraction\",\n                                    \"elemMods\": {\n                                        \"m-col\": 2\n                                    },\n                                    \"content\": [\n                                        {\n                                            \"block\": \"product\",\n                                            \"mix\": [\n                                                {\n                                                    \"block\": \"card\",\n                                                    \"mods\": {\n                                                        \"view\": \"default\",\n                                                        \"border\": \"all\"\n                                                    }\n                                                }\n                                            ],\n                                            \"content\": [\n                                                {\n                                                    \"block\": \"product\",\n                                                    \"elem\": \"content\",\n                                                    \"mix\": [\n                                                        {\n                                                            \"block\": \"card\",\n                                                            \"elem\": \"content\",\n                                                            \"elemMods\": {\n                                                                \"space-a\": \"m\"\n                                                            }\n                                                        }\n                                                    ],\n                                                    \"content\": [\n                                                        {\n                                                            \"block\": \"product\",\n                                                            \"elem\": \"image\",\n                                                            \"mix\": [\n                                                                {\n                                                                    \"block\": \"theme\",\n                                                                    \"mods\": {\n                                                                        \"color\": \"project-inverse\"\n                                                                    }\n                                                                }\n                                                            ],\n                                                            \"content\": [\n                                                                {\n                                                                    \"block\": \"image\"\n                                                                }\n                                                            ]\n                                                        }\n                                                    ]\n                                                },\n                                                {\n                                                    \"block\": \"product\",\n                                                    \"elem\": \"footer\",\n                                                    \"mix\": [\n                                                        {\n                                                            \"block\": \"card\",\n                                                            \"elem\": \"footer\",\n                                                            \"elemMods\": {\n                                                                \"space-a\": \"m\"\n                                                            }\n                                                        }\n                                                    ],\n                                                    \"content\": [\n                                                        {\n                                                            \"block\": \"text\",\n                                                            \"mods\": {\n                                                                \"size\": \"m\",\n                                                                \"view\": \"primary\"\n                                                            },\n                                                            \"content\": [\n                                                                {\n                                                                    \"block\": \"text\",\n                                                                    \"elem\": \"word\",\n                                                                    \"elemMods\": {\n                                                                        \"width\": \"l\"\n                                                                    }\n                                                                }\n                                                            ]\n                                                        },\n                                                        {\n                                                            \"block\": \"text\",\n                                                            \"mods\": {\n                                                                \"size\": \"s\",\n                                                                \"view\": \"primary\"\n                                                            },\n                                                            \"content\": [\n                                                                {\n                                                                    \"block\": \"text\",\n                                                                    \"elem\": \"word\",\n                                                                    \"elemMods\": {\n                                                                        \"width\": \"m\"\n                                                                    }\n                                                                }\n                                                            ]\n                                                        }\n                                                    ]\n                                                }\n                                            ]\n                                        }\n                                    ]\n                                },\n                                {\n                                    \"block\": \"grid\",\n                                    \"elem\": \"fraction\",\n                                    \"elemMods\": {\n                                        \"m-col\": 2\n                                    },\n                                    \"content\": [\n                                        {\n                                            \"block\": \"product\",\n                                            \"mix\": [\n                                                {\n                                                    \"block\": \"card\",\n                                                    \"mods\": {\n                                                        \"view\": \"default\",\n                                                        \"border\": \"all\"\n                                                    }\n                                                }\n                                            ],\n                                            \"content\": [\n                                                {\n                                                    \"block\": \"product\",\n                                                    \"elem\": \"content\",\n                                                    \"mix\": [\n                                                        {\n                                                            \"block\": \"card\",\n                                                            \"elem\": \"content\",\n                                                            \"elemMods\": {\n                                                                \"space-a\": \"m\"\n                                                            }\n                                                        }\n                                                    ],\n                                                    \"content\": [\n                                                        {\n                                                            \"block\": \"product\",\n                                                            \"elem\": \"image\",\n                                                            \"mix\": [\n                                                                {\n                                                                    \"block\": \"theme\",\n                                                                    \"mods\": {\n                                                                        \"color\": \"project-inverse\"\n                                                                    }\n                                                                }\n                                                            ],\n                                                            \"content\": [\n                                                                {\n                                                                    \"block\": \"image\"\n                                                                }\n                                                            ]\n                                                        }\n                                                    ]\n                                                },\n                                                {\n                                                    \"block\": \"product\",\n                                                    \"elem\": \"footer\",\n                                                    \"mix\": [\n                                                        {\n                                                            \"block\": \"card\",\n                                                            \"elem\": \"footer\",\n                                                            \"elemMods\": {\n                                                                \"space-a\": \"m\"\n                                                            }\n                                                        }\n                                                    ],\n                                                    \"content\": [\n                                                        {\n                                                            \"block\": \"text\",\n                                                            \"mods\": {\n                                                                \"size\": \"m\",\n                                                                \"view\": \"primary\"\n                                                            },\n                                                            \"content\": [\n                                                                {\n                                                                    \"block\": \"text\",\n                                                                    \"elem\": \"word\",\n                                                                    \"elemMods\": {\n                                                                        \"width\": \"l\"\n                                                                    }\n                                                                }\n                                                            ]\n                                                        },\n                                                        {\n                                                            \"block\": \"text\",\n                                                            \"mods\": {\n                                                                \"size\": \"s\",\n                                                                \"view\": \"primary\"\n                                                            },\n                                                            \"content\": [\n                                                                {\n                                                                    \"block\": \"text\",\n                                                                    \"elem\": \"word\",\n                                                                    \"elemMods\": {\n                                                                        \"width\": \"m\"\n                                                                    }\n                                                                }\n                                                            ]\n                                                        }\n                                                    ]\n                                                }\n                                            ]\n                                        }\n                                    ]\n                                },\n                                {\n                                    \"block\": \"grid\",\n                                    \"elem\": \"fraction\",\n                                    \"elemMods\": {\n                                        \"m-col\": 2\n                                    },\n                                    \"content\": [\n                                        {\n                                            \"block\": \"product\",\n                                            \"mix\": [\n                                                {\n                                                    \"block\": \"card\",\n                                                    \"mods\": {\n                                                        \"view\": \"default\",\n                                                        \"border\": \"all\"\n                                                    }\n                                                }\n                                            ],\n                                            \"content\": [\n                                                {\n                                                    \"block\": \"product\",\n                                                    \"elem\": \"content\",\n                                                    \"mix\": [\n                                                        {\n                                                            \"block\": \"card\",\n                                                            \"elem\": \"content\",\n                                                            \"elemMods\": {\n                                                                \"space-a\": \"m\"\n                                                            }\n                                                        }\n                                                    ],\n                                                    \"content\": [\n                                                        {\n                                                            \"block\": \"product\",\n                                                            \"elem\": \"image\",\n                                                            \"mix\": [\n                                                                {\n                                                                    \"block\": \"theme\",\n                                                                    \"mods\": {\n                                                                        \"color\": \"project-inverse\"\n                                                                    }\n                                                                }\n                                                            ],\n                                                            \"content\": [\n                                                                {\n                                                                    \"block\": \"image\"\n                                                                }\n                                                            ]\n                                                        }\n                                                    ]\n                                                },\n                                                {\n                                                    \"block\": \"product\",\n                                                    \"elem\": \"footer\",\n                                                    \"mix\": [\n                                                        {\n                                                            \"block\": \"card\",\n                                                            \"elem\": \"footer\",\n                                                            \"elemMods\": {\n                                                                \"space-a\": \"m\"\n                                                            }\n                                                        }\n                                                    ],\n                                                    \"content\": [\n                                                        {\n                                                            \"block\": \"text\",\n                                                            \"mods\": {\n                                                                \"size\": \"m\",\n                                                                \"view\": \"primary\"\n                                                            },\n                                                            \"content\": [\n                                                                {\n                                                                    \"block\": \"text\",\n                                                                    \"elem\": \"word\",\n                                                                    \"elemMods\": {\n                                                                        \"width\": \"l\"\n                                                                    }\n                                                                }\n                                                            ]\n                                                        },\n                                                        {\n                                                            \"block\": \"text\",\n                                                            \"mods\": {\n                                                                \"size\": \"s\",\n                                                                \"view\": \"primary\"\n                                                            },\n                                                            \"content\": [\n                                                                {\n                                                                    \"block\": \"text\",\n                                                                    \"elem\": \"word\",\n                                                                    \"elemMods\": {\n                                                                        \"width\": \"m\"\n                                                                    }\n                                                                }\n                                                            ]\n                                                        }\n                                                    ]\n                                                }\n                                            ]\n                                        }\n                                    ]\n                                },\n                                {\n                                    \"block\": \"grid\",\n                                    \"elem\": \"fraction\",\n                                    \"elemMods\": {\n                                        \"m-col\": 2\n                                    },\n                                    \"content\": [\n                                        {\n                                            \"block\": \"product\",\n                                            \"mix\": [\n                                                {\n                                                    \"block\": \"card\",\n                                                    \"mods\": {\n                                                        \"view\": \"default\",\n                                                        \"border\": \"all\"\n                                                    }\n                                                }\n                                            ],\n                                            \"content\": [\n                                                {\n                                                    \"block\": \"product\",\n                                                    \"elem\": \"content\",\n                                                    \"mix\": [\n                                                        {\n                                                            \"block\": \"card\",\n                                                            \"elem\": \"content\",\n                                                            \"elemMods\": {\n                                                                \"space-a\": \"m\"\n                                                            }\n                                                        }\n                                                    ],\n                                                    \"content\": [\n                                                        {\n                                                            \"block\": \"product\",\n                                                            \"elem\": \"image\",\n                                                            \"mix\": [\n                                                                {\n                                                                    \"block\": \"theme\",\n                                                                    \"mods\": {\n                                                                        \"color\": \"project-inverse\"\n                                                                    }\n                                                                }\n                                                            ],\n                                                            \"content\": [\n                                                                {\n                                                                    \"block\": \"image\"\n                                                                }\n                                                            ]\n                                                        }\n                                                    ]\n                                                },\n                                                {\n                                                    \"block\": \"product\",\n                                                    \"elem\": \"footer\",\n                                                    \"mix\": [\n                                                        {\n                                                            \"block\": \"card\",\n                                                            \"elem\": \"footer\",\n                                                            \"elemMods\": {\n                                                                \"space-a\": \"m\"\n                                                            }\n                                                        }\n                                                    ],\n                                                    \"content\": [\n                                                        {\n                                                            \"block\": \"text\",\n                                                            \"mods\": {\n                                                                \"size\": \"m\",\n                                                                \"view\": \"primary\"\n                                                            },\n                                                            \"content\": [\n                                                                {\n                                                                    \"block\": \"text\",\n                                                                    \"elem\": \"word\",\n                                                                    \"elemMods\": {\n                                                                        \"width\": \"l\"\n                                                                    }\n                                                                }\n                                                            ]\n                                                        },\n                                                        {\n                                                            \"block\": \"text\",\n                                                            \"mods\": {\n                                                                \"size\": \"s\",\n                                                                \"view\": \"primary\"\n                                                            },\n                                                            \"content\": [\n                                                                {\n                                                                    \"block\": \"text\",\n                                                                    \"elem\": \"word\",\n                                                                    \"elemMods\": {\n                                                                        \"width\": \"m\"\n                                                                    }\n                                                                }\n                                                            ]\n                                                        }\n                                                    ]\n                                                }\n                                            ]\n                                        }\n                                    ]\n                                },\n                                {\n                                    \"block\": \"grid\",\n                                    \"elem\": \"fraction\",\n                                    \"elemMods\": {\n                                        \"m-col\": 2\n                                    },\n                                    \"content\": [\n                                        {\n                                            \"block\": \"product\",\n                                            \"mix\": [\n                                                {\n                                                    \"block\": \"card\",\n                                                    \"mods\": {\n                                                        \"view\": \"default\",\n                                                        \"border\": \"all\"\n                                                    }\n                                                }\n                                            ],\n                                            \"content\": [\n                                                {\n                                                    \"block\": \"product\",\n                                                    \"elem\": \"content\",\n                                                    \"mix\": [\n                                                        {\n                                                            \"block\": \"card\",\n                                                            \"elem\": \"content\",\n                                                            \"elemMods\": {\n                                                                \"space-a\": \"m\"\n                                                            }\n                                                        }\n                                                    ],\n                                                    \"content\": [\n                                                        {\n                                                            \"block\": \"product\",\n                                                            \"elem\": \"image\",\n                                                            \"mix\": [\n                                                                {\n                                                                    \"block\": \"theme\",\n                                                                    \"mods\": {\n                                                                        \"color\": \"project-inverse\"\n                                                                    }\n                                                                }\n                                                            ],\n                                                            \"content\": [\n                                                                {\n                                                                    \"block\": \"image\"\n                                                                }\n                                                            ]\n                                                        }\n                                                    ]\n                                                },\n                                                {\n                                                    \"block\": \"product\",\n                                                    \"elem\": \"footer\",\n                                                    \"mix\": [\n                                                        {\n                                                            \"block\": \"card\",\n                                                            \"elem\": \"footer\",\n                                                            \"elemMods\": {\n                                                                \"space-a\": \"m\"\n                                                            }\n                                                        }\n                                                    ],\n                                                    \"content\": [\n                                                        {\n                                                            \"block\": \"text\",\n                                                            \"mods\": {\n                                                                \"size\": \"m\",\n                                                                \"view\": \"primary\"\n                                                            },\n                                                            \"content\": [\n                                                                {\n                                                                    \"block\": \"text\",\n                                                                    \"elem\": \"word\",\n                                                                    \"elemMods\": {\n                                                                        \"width\": \"l\"\n                                                                    }\n                                                                }\n                                                            ]\n                                                        },\n                                                        {\n                                                            \"block\": \"text\",\n                                                            \"mods\": {\n                                                                \"size\": \"s\",\n                                                                \"view\": \"primary\"\n                                                            },\n                                                            \"content\": [\n                                                                {\n                                                                    \"block\": \"text\",\n                                                                    \"elem\": \"word\",\n                                                                    \"elemMods\": {\n                                                                        \"width\": \"m\"\n                                                                    }\n                                                                }\n                                                            ]\n                                                        }\n                                                    ]\n                                                }\n                                            ]\n                                        }\n                                    ]\n                                }\n                            ]\n                        }\n                    ]\n                },\n                {\n                    \"block\": \"layout\",\n                    \"elem\": \"container\",\n                    \"elemMods\": {\n                        \"size\": \"m\",\n                        \"align\": \"center\"\n                    },\n                    \"content\": [\n                        {\n                            \"block\": \"grid\",\n                            \"mods\": {\n                                \"col-gap\": \"full\",\n                                \"row-gap\": \"full\",\n                                \"m-columns\": 10\n                            },\n                            \"content\": [\n                                {\n                                    \"block\": \"grid\",\n                                    \"elem\": \"fraction\",\n                                    \"elemMods\": {\n                                        \"m-col\": 5\n                                    },\n                                    \"content\": [\n                                        {\n                                            \"block\": \"history\",\n                                            \"content\": [\n                                                {\n                                  
[...]
                  "err": {},
                  "uuid": "19b139ab-80bc-4c53-841d-04233bdd1392",
                  "parentUUID": "6311a200-b822-4b73-a594-1dafe6fb6ad6",
                  "isHook": false,
                  "skipped": false
                },
                {
                  "title": "Nested warning elements of different text sizes inside one warning block",
                  "fullTitle": "WARNING.TEXT_SIZES_SHOULD_BE_EQUAL INVALID Nested warning elements of different text sizes inside one warning block",
                  "timedOut": false,
                  "duration": 1,
                  "state": "passed",
                  "speed": "fast",
                  "pass": true,
                  "fail": false,
                  "pending": false,
                  "context": null,
                  "code": "const inputJson = `{ \n              \"block\": \"warning\",\n              \"content\": [\n                  { \n                      \"block\": \"warning\", \n                      \"elem\": \"content\",\n                      \"content\": [\n                          { \"block\": \"text\", \"mods\": { \"size\": \"m\" } },\n                          {\n                              \"block\": \"warning\",\n                              \"elem\": \"button-wrapper\",\n                              \"content\": [\n                                  { \"block\": \"text\", \"mods\": { \"size\": \"l\" } }\n                              ]\n                          },\n                          { \"block\": \"text\", \"mods\": { \"size\": \"m\" } }\n                      ]\n                  },\n                  { \"block\": \"text\", \"mods\": { \"size\": \"l\" } }\n              ]\n          }`;\n          \n          const result = lint(inputJson);\n          expect(result).to.be.an('array').that.is.deep.equal([\n              {\n                  \"code\": \"WARNING.TEXT_SIZES_SHOULD_BE_EQUAL\",\n                  \"error\": \"Тексты в блоке warning должны быть одного размера и должны быть заданы\",\n                  \"location\": {\n                      \"start\": { \"column\": 1, \"line\": 1 },\n                      \"end\": { \"column\": 14, \"line\": 21 }\n                  }\n              }\n          ]);",
                  "err": {},
                  "uuid": "adcaaa6f-62bc-4f96-a397-05429a867563",
                  "parentUUID": "6311a200-b822-4b73-a594-1dafe6fb6ad6",
                  "isHook": false,
                  "skipped": false
                }
              ],
              "suites": [],
              "passes": [
                "cbe992d0-c037-41c1-a799-e5d52e21dcca",
                "702e2ee5-b64a-43ab-bc01-1264e43bd7ef",
                "55ee8bfc-a038-4f73-be39-eaf212582129",
                "2afc3cc9-e53d-4922-880e-394ebd329fac",
                "f077c6b2-bd4c-42f4-8c23-28f3d30af43c",
                "d8188d6c-85fb-4192-9caa-97a2d081b0ec",
                "5551a221-e4dd-4ad6-9a3d-2d8271ceeed1",
                "2b5ee634-1bbf-4bd2-8611-551b3dd28e35",
                "065b1982-5e59-48d1-9e2e-e75f7c91a2c1",
                "ed343db6-4452-4545-8a4b-c993a569f09f",
                "19b139ab-80bc-4c53-841d-04233bdd1392",
                "adcaaa6f-62bc-4f96-a397-05429a867563"
              ],
              "failures": [],
              "pending": [],
              "skipped": [],
              "duration": 4,
              "root": false,
              "rootEmpty": false,
              "_timeout": 2000
            },
            {
              "uuid": "98423070-0fb7-44c3-b28d-fd9d19441264",
              "title": "VALID",
              "fullFile": "C:\\Users\\kar\\Documents\\Web\\shri\\2020\\moscow\\february\\task2\\stub\\test\\test-warning-text-size.js",
              "file": "\\test\\test-warning-text-size.js",
              "beforeHooks": [],
              "afterHooks": [],
              "tests": [
                {
                  "title": "2 text blocks of size-l",
                  "fullTitle": "WARNING.TEXT_SIZES_SHOULD_BE_EQUAL VALID 2 text blocks of size-l",
                  "timedOut": false,
                  "duration": 0,
                  "state": "passed",
                  "speed": "fast",
                  "pass": true,
                  "fail": false,
                  "pending": false,
                  "context": null,
                  "code": "const inputJson = `\n          { \n              \"block\": \"warning\",\n              \"content\": \n                  [\n                      { \n                          \"block\": \"placeholder\",\n                          \"mods\": { \"size\": \"m\" }\n                      },\n                      {  \n                          \"elem\": \"content\",\n                          \"content\": \n                              [\n                                  { \n                                      \"block\": \"text\",\n                                      \"mods\": { \"size\": \"l\" }\n                                  },\n                                  {  \n                                      \"block\": \"text\",\n                                      \"mods\": { \"size\": \"l\" }\n                                  }\n                              ]\n                      }\n                  ]\n          }`;\n          \n          const result = lint(inputJson);\n          expect(result).to.be.an('array').that.is.empty;",
                  "err": {},
                  "uuid": "44d648c9-2431-433b-add4-e073a6d0dff1",
                  "parentUUID": "98423070-0fb7-44c3-b28d-fd9d19441264",
                  "isHook": false,
                  "skipped": false
                },
                {
                  "title": "3 text blocks of size-m, 3rd level children,content is object",
                  "fullTitle": "WARNING.TEXT_SIZES_SHOULD_BE_EQUAL VALID 3 text blocks of size-m, 3rd level children,content is object",
                  "timedOut": false,
                  "duration": 1,
                  "state": "passed",
                  "speed": "fast",
                  "pass": true,
                  "fail": false,
                  "pending": false,
                  "context": null,
                  "code": "const inputJson = `\n          { \n              \"block\": \"warning\",\n              \"content\": \n                  { \n                      \"block\": \"warning\", \n                      \"elem\": \"content\",\n                      \"content\": \n                          {\n                              \"block\": \"warning\",\n                              \"elem\": \"button-wrapper\",\n                              \"content\":\n                                  [\n                                      { \n                                          \"block\": \"text\",\n                                          \"mods\": { \"size\": \"m\" }\n                                      },\n                                      {  \n                                          \"block\": \"text\",\n                                          \"mods\": { \"size\": \"m\" }\n                                      },\n                                      {  \n                                          \"block\": \"text\",\n                                          \"mods\": { \"size\": \"m\" }\n                                      }\n                                  ]\n                          }\n                  }\n          }`;\n          \n          const result = lint(inputJson);\n          expect(result).to.be.an('array').that.is.empty;",
                  "err": {},
                  "uuid": "0e07378d-fa8d-4e01-860c-106d39d55e88",
                  "parentUUID": "98423070-0fb7-44c3-b28d-fd9d19441264",
                  "isHook": false,
                  "skipped": false
                },
                {
                  "title": "3 nested warning blocks of different text sizes",
                  "fullTitle": "WARNING.TEXT_SIZES_SHOULD_BE_EQUAL VALID 3 nested warning blocks of different text sizes",
                  "timedOut": false,
                  "duration": 0,
                  "state": "passed",
                  "speed": "fast",
                  "pass": true,
                  "fail": false,
                  "pending": false,
                  "context": null,
                  "code": "const inputJson = `\n          { \n              \"block\": \"warning\",\n              \"content\": [\n                  { \n                      \"block\": \"text\",\n                      \"mods\": { \"size\": \"l\" }\n                  },\n                  { \n                      \"block\": \"warning\", \n                      \"content\": [\n                          { \n                              \"block\": \"text\",\n                              \"mods\": { \"size\": \"m\" }\n                          },\n                          {\n                              \"block\": \"warning\",\n                              \"content\":\n                                  [\n                                      { \n                                          \"block\": \"text\",\n                                          \"mods\": { \"size\": \"l\" }\n                                      },\n                                      {  \n                                          \"block\": \"text\",\n                                          \"mods\": { \"size\": \"l\" }\n                                      },\n                                      {  \n                                          \"block\": \"text\",\n                                          \"mods\": { \"size\": \"l\" }\n                                      }\n                                  ]\n                          },\n                          {  \n                              \"block\": \"text\",\n                              \"mods\": { \"size\": \"m\" }\n                          },\n                          {  \n                              \"block\": \"text\",\n                              \"mods\": { \"size\": \"m\" }\n                          }\n                      ]\n                  },\n                  { \n                      \"block\": \"text\",\n                      \"mods\": { \"size\": \"l\" }\n                  }\n              ]\n          }`;\n          \n          const result = lint(inputJson);\n          expect(result).to.be.an('array').that.is.empty;",
                  "err": {},
                  "uuid": "3488f672-0cf2-4a7c-b84c-4c603dbdc8f0",
                  "parentUUID": "98423070-0fb7-44c3-b28d-fd9d19441264",
                  "isHook": false,
                  "skipped": false
                },
                {
                  "title": "no warning block with non-equal text sizes",
                  "fullTitle": "WARNING.TEXT_SIZES_SHOULD_BE_EQUAL VALID no warning block with non-equal text sizes",
                  "timedOut": false,
                  "duration": 0,
                  "state": "passed",
                  "speed": "fast",
                  "pass": true,
                  "fail": false,
                  "pending": false,
                  "context": null,
                  "code": "const inputJson = `\n          { \n              \"block\": \"not-a-warning-block\",\n              \"content\": {  \n                  \"elem\": \"content\",\n                  \"content\": \n                      [\n                          { \n                              \"block\": \"text\",\n                              \"mods\": { \"size\": \"m\" }\n                          },\n                          {  \n                              \"block\": \"text\",\n                              \"mods\": { \"size\": \"l\" }\n                          }\n                      ]\n              }\n          }`;\n          \n          const result = lint(inputJson);\n          expect(result).to.be.an('array').that.is.empty;",
                  "err": {},
                  "uuid": "ab979046-ceeb-4abe-92c1-aef09a2442a4",
                  "parentUUID": "98423070-0fb7-44c3-b28d-fd9d19441264",
                  "isHook": false,
                  "skipped": false
                },
                {
                  "title": "no warning block with not set text sizes",
                  "fullTitle": "WARNING.TEXT_SIZES_SHOULD_BE_EQUAL VALID no warning block with not set text sizes",
                  "timedOut": false,
                  "duration": 0,
                  "state": "passed",
                  "speed": "fast",
                  "pass": true,
                  "fail": false,
                  "pending": false,
                  "context": null,
                  "code": "const inputJson = `\n          { \n              \"block\": \"not-a-warning-block\",\n              \"content\": {  \n                  \"elem\": \"content\",\n                  \"content\": \n                      [\n                          { \n                              \"block\": \"text\",\n                              \"mods\": { \"size\": \"\" }\n                          },\n                          {  \n                              \"block\": \"text\",\n                              \"mods\": { \"prop\": \"l\" }\n                          },\n                          {  \n                              \"block\": \"text\"\n                          }\n                      ]\n              }\n          }`;\n          \n          const result = lint(inputJson);\n          expect(result).to.be.an('array').that.is.empty;",
                  "err": {},
                  "uuid": "f6a53dcc-bbb7-443b-bf24-c35d01bebdbf",
                  "parentUUID": "98423070-0fb7-44c3-b28d-fd9d19441264",
                  "isHook": false,
                  "skipped": false
                },
                {
                  "title": "Separate nested warning blocks with different text sizes",
                  "fullTitle": "WARNING.TEXT_SIZES_SHOULD_BE_EQUAL VALID Separate nested warning blocks with different text sizes",
                  "timedOut": false,
                  "duration": 0,
                  "state": "passed",
                  "speed": "fast",
                  "pass": true,
                  "fail": false,
                  "pending": false,
                  "context": null,
                  "code": "const inputJson = `{ \n              \"block\": \"warning\",\n              \"content\": [\n                  {\"block\": \"text\", \"mods\": { \"size\": \"s\" } },\n                  { \n                      \"block\": \"warning\", \n                      \"content\": [\n                          {\n                              \"block\": \"warning\",\n                              \"content\": [\n                                  { \"block\": \"text\", \"mods\": { \"size\": \"m\" } },\n                                  { \"block\": \"text\", \"mods\": { \"size\": \"m\" } },\n                                  { \"block\": \"text\", \"mods\": { \"size\": \"m\" } }\n                              ]\n                          },\n                          { \"block\": \"text\", \"mods\": { \"size\": \"l\" } }\n                      ]\n                  }\n              ]\n          }`;\n          \n          const result = lint(inputJson);\n          expect(result).to.be.an('array').that.is.empty;",
                  "err": {},
                  "uuid": "acd48d7a-fe92-4b40-825c-7be466aacba4",
                  "parentUUID": "98423070-0fb7-44c3-b28d-fd9d19441264",
                  "isHook": false,
                  "skipped": false
                }
              ],
              "suites": [],
              "passes": [
                "44d648c9-2431-433b-add4-e073a6d0dff1",
                "0e07378d-fa8d-4e01-860c-106d39d55e88",
                "3488f672-0cf2-4a7c-b84c-4c603dbdc8f0",
                "ab979046-ceeb-4abe-92c1-aef09a2442a4",
                "f6a53dcc-bbb7-443b-bf24-c35d01bebdbf",
                "acd48d7a-fe92-4b40-825c-7be466aacba4"
              ],
              "failures": [],
              "pending": [],
              "skipped": [],
              "duration": 1,
              "root": false,
              "rootEmpty": false,
              "_timeout": 2000
            }
          ],
          "passes": [],
          "failures": [],
          "pending": [],
          "skipped": [],
          "duration": 0,
          "root": false,
          "rootEmpty": false,
          "_timeout": 2000
        },
        {
          "uuid": "05ca6fcb-9118-4d90-9431-fd31e1359bf3",
          "title": "Simple input",
          "fullFile": "C:\\Users\\kar\\Documents\\Web\\shri\\2020\\moscow\\february\\task2\\stub\\test\\test.js",
          "file": "\\test\\test.js",
          "beforeHooks": [],
          "afterHooks": [],
          "tests": [
            {
              "title": "empty input",
              "fullTitle": "Simple input empty input",
              "timedOut": false,
              "duration": 0,
              "state": "passed",
              "speed": "fast",
              "pass": true,
              "fail": false,
              "pending": false,
              "context": null,
              "code": "const result = lint('');\nexpect(result).to.be.an('array').that.is.empty;",
              "err": {},
              "uuid": "93585c6b-c0fa-43bf-a94d-b9ba4057365d",
              "parentUUID": "05ca6fcb-9118-4d90-9431-fd31e1359bf3",
              "isHook": false,
              "skipped": false
            },
            {
              "title": "empty object",
              "fullTitle": "Simple input empty object",
              "timedOut": false,
              "duration": 0,
              "state": "passed",
              "speed": "fast",
              "pass": true,
              "fail": false,
              "pending": false,
              "context": null,
              "code": "const result = lint('{}');\nexpect(result).to.be.an('array').that.is.empty;",
              "err": {},
              "uuid": "b9515d06-cc67-43af-bdef-30fdc8d3cc2f",
              "parentUUID": "05ca6fcb-9118-4d90-9431-fd31e1359bf3",
              "isHook": false,
              "skipped": false
            },
            {
              "title": "empty warning",
              "fullTitle": "Simple input empty warning",
              "timedOut": false,
              "duration": 0,
              "state": "passed",
              "speed": "fast",
              "pass": true,
              "fail": false,
              "pending": false,
              "context": null,
              "code": "const result = lint('{ \"block\": \"warning\"}');\nexpect(result).to.be.an('array').that.is.empty;",
              "err": {},
              "uuid": "7d2c74f7-f6fa-4d66-80f2-12bad37b1c25",
              "parentUUID": "05ca6fcb-9118-4d90-9431-fd31e1359bf3",
              "isHook": false,
              "skipped": false
            }
          ],
          "suites": [],
          "passes": [
            "93585c6b-c0fa-43bf-a94d-b9ba4057365d",
            "b9515d06-cc67-43af-bdef-30fdc8d3cc2f",
            "7d2c74f7-f6fa-4d66-80f2-12bad37b1c25"
          ],
          "failures": [],
          "pending": [],
          "skipped": [],
          "duration": 0,
          "root": false,
          "rootEmpty": false,
          "_timeout": 2000
        }
      ],
      "passes": [],
      "failures": [],
      "pending": [],
      "skipped": [],
      "duration": 0,
      "root": true,
      "rootEmpty": true,
      "_timeout": 2000
    }
  ],
  "meta": {
    "mocha": {
      "version": "6.2.2"
    },
    "mochawesome": {
      "options": {
        "quiet": false,
        "reportFilename": "mochawesome",
        "saveHtml": true,
        "saveJson": true,
        "consoleReporter": "spec",
        "useInlineDiffs": false
      },
      "version": "4.1.0"
    },
    "marge": {
      "options": null,
      "version": "4.1.0"
    }
  }
}