{
  "stats": {
    "suites": 27,
    "tests": 97,
    "passes": 97,
    "pending": 0,
    "failures": 0,
    "start": "2020-01-17T15:42:38.764Z",
    "end": "2020-01-17T15:42:38.959Z",
    "duration": 195,
    "testsRegistered": 97,
    "passPercent": 100,
    "pendingPercent": 0,
    "other": 0,
    "hasOther": false,
    "skipped": 0,
    "hasSkipped": false
  },
  "results": [
    {
      "uuid": "7905bb61-2304-466a-89c2-494a3d133bbb",
      "title": "",
      "fullFile": "",
      "file": "",
      "beforeHooks": [],
      "afterHooks": [],
      "tests": [],
      "suites": [
        {
          "uuid": "2e60c8a5-338e-4a11-b69e-a498fcaa8b61",
          "title": "GRID.TOO_MUCH_MARKETING_BLOCKS",
          "fullFile": "C:\\Users\\kar\\Documents\\Web\\shri\\2020\\moscow\\february\\task2\\stub\\test\\test-grid.js",
          "file": "\\test\\test-grid.js",
          "beforeHooks": [],
          "afterHooks": [],
          "tests": [],
          "suites": [
            {
              "uuid": "edb3805c-2e1d-4e65-9600-43d8a23eb837",
              "title": "INVALID",
              "fullFile": "C:\\Users\\kar\\Documents\\Web\\shri\\2020\\moscow\\february\\task2\\stub\\test\\test-grid.js",
              "file": "\\test\\test-grid.js",
              "beforeHooks": [],
              "afterHooks": [],
              "tests": [
                {
                  "title": "Payment 2 and Offer 8",
                  "fullTitle": "GRID.TOO_MUCH_MARKETING_BLOCKS INVALID Payment 2 and Offer 8",
                  "timedOut": false,
                  "duration": 6,
                  "state": "passed",
                  "speed": "fast",
                  "pass": true,
                  "fail": false,
                  "pending": false,
                  "context": null,
                  "code": "const inputJson = `{\n    \"block\": \"grid\",\n    \"mods\": {\n        \"m-columns\": \"10\"\n    },\n    \"content\": [\n        {\n            \"block\": \"grid\",\n            \"elem\": \"fraction\",\n            \"elemMods\": {\n                \"m-col\": \"2\"\n            },\n            \"content\": [\n                {\n                    \"block\": \"payment\"\n                }\n            ]\n        },\n        {\n            \"block\": \"grid\",\n            \"elem\": \"fraction\",\n            \"elemMods\": {\n                \"m-col\": \"8\"\n            },\n            \"content\": [\n                {\n                    \"block\": \"offer\"\n                }\n            ]\n        }\n    ]\n }`;\nconst result = lint(inputJson);\nexpect(result).to.be.an('array').that.is.deep.equal([\n    {\n        \"code\": \"GRID.TOO_MUCH_MARKETING_BLOCKS\",\n        \"error\": \"Маркетинговые блоки занимают больше половины или ровно половину от всех колонок блока grid\",\n        \"location\": {\n            \"start\": { \"column\": 1, \"line\": 1 },\n            \"end\": { \"column\": 15, \"line\": 32 }\n        }\n    }\n]);",
                  "err": {},
                  "uuid": "6fafa256-c17d-437d-b95b-7229884c2ad8",
                  "parentUUID": "edb3805c-2e1d-4e65-9600-43d8a23eb837",
                  "isHook": false,
                  "skipped": false
                },
                {
                  "title": "3 warning and 3 marketings",
                  "fullTitle": "GRID.TOO_MUCH_MARKETING_BLOCKS INVALID 3 warning and 3 marketings",
                  "timedOut": false,
                  "duration": 1,
                  "state": "passed",
                  "speed": "fast",
                  "pass": true,
                  "fail": false,
                  "pending": false,
                  "context": null,
                  "code": "const inputJson = `{\n    \"block\": \"grid\",\n    \"mods\": {\n        \"m-columns\": \"6\"\n    },\n    \"content\": [\n        {\n            \"block\": \"grid\",\n            \"elem\": \"fraction\",\n            \"elemMods\": {\n                \"m-col\": \"3\"\n            },\n            \"content\": [\n                {\n                    \"block\": \"warning\"\n                }\n            ]\n        },\n        {\n            \"block\": \"grid\",\n            \"elem\": \"fraction\",\n            \"elemMods\": {\n                \"m-col\": \"1\"\n            },\n            \"content\": [\n                {\n                    \"block\": \"offer\"\n                }\n            ]\n        },\n        {\n            \"block\": \"grid\",\n            \"elem\": \"fraction\",\n            \"elemMods\": {\n                \"m-col\": \"1\"\n            },\n            \"content\": [\n                {\n                    \"block\": \"commercial\"\n                }\n            ]\n        },\n        {\n            \"block\": \"grid\",\n            \"elem\": \"fraction\",\n            \"elemMods\": {\n                \"m-col\": \"1\"\n            },\n            \"content\": [\n                {\n                    \"block\": \"offer\"\n                }\n            ]\n        }\n    ]\n }`;\nconst result = lint(inputJson);\nexpect(result).to.be.an('array').that.is.deep.equal([\n    {\n        \"code\": \"GRID.TOO_MUCH_MARKETING_BLOCKS\",\n        \"error\": \"Маркетинговые блоки занимают больше половины или ровно половину от всех колонок блока grid\",\n        \"location\": {\n            \"start\": { \"column\": 1, \"line\": 1 },\n            \"end\": { \"column\": 15, \"line\": 56 }\n        }\n    }\n]);",
                  "err": {},
                  "uuid": "5cca0ff7-18af-49f5-9c93-046ba8436fee",
                  "parentUUID": "edb3805c-2e1d-4e65-9600-43d8a23eb837",
                  "isHook": false,
                  "skipped": false
                }
              ],
              "suites": [],
              "passes": [
                "6fafa256-c17d-437d-b95b-7229884c2ad8",
                "5cca0ff7-18af-49f5-9c93-046ba8436fee"
              ],
              "failures": [],
              "pending": [],
              "skipped": [],
              "duration": 7,
              "root": false,
              "rootEmpty": false,
              "_timeout": 2000
            },
            {
              "uuid": "494634f5-efda-4c7e-aabd-1d9f92375c63",
              "title": "VALID",
              "fullFile": "C:\\Users\\kar\\Documents\\Web\\shri\\2020\\moscow\\february\\task2\\stub\\test\\test-grid.js",
              "file": "\\test\\test-grid.js",
              "beforeHooks": [],
              "afterHooks": [],
              "tests": [
                {
                  "title": "Payment 8 and Offer 2",
                  "fullTitle": "GRID.TOO_MUCH_MARKETING_BLOCKS VALID Payment 8 and Offer 2",
                  "timedOut": false,
                  "duration": 1,
                  "state": "passed",
                  "speed": "fast",
                  "pass": true,
                  "fail": false,
                  "pending": false,
                  "context": null,
                  "code": "const inputJson = `{\n    \"block\": \"grid\",\n    \"mods\": {\n        \"m-columns\": \"10\"\n    },\n    \"content\": [\n        {\n            \"block\": \"grid\",\n            \"elem\": \"fraction\",\n            \"elemMods\": {\n                \"m-col\": \"8\"\n            },\n            \"content\": [\n                {\n                    \"block\": \"payment\"\n                }\n            ]\n        },\n        {\n            \"block\": \"grid\",\n            \"elem\": \"fraction\",\n            \"elemMods\": {\n                \"m-col\": \"2\"\n            },\n            \"content\": [\n                {\n                    \"block\": \"offer\"\n                }\n            ]\n        }\n    ]\n }`;\nconst result = lint(inputJson);\nexpect(result).to.be.an('array').that.is.empty;",
                  "err": {},
                  "uuid": "f49caa09-9cc7-49e1-88a8-02cea0cb6f54",
                  "parentUUID": "494634f5-efda-4c7e-aabd-1d9f92375c63",
                  "isHook": false,
                  "skipped": false
                },
                {
                  "title": "8 different and 2 commercial",
                  "fullTitle": "GRID.TOO_MUCH_MARKETING_BLOCKS VALID 8 different and 2 commercial",
                  "timedOut": false,
                  "duration": 2,
                  "state": "passed",
                  "speed": "fast",
                  "pass": true,
                  "fail": false,
                  "pending": false,
                  "context": null,
                  "code": "const inputJson = `{\n    \"block\": \"grid\",\n    \"mods\": {\n        \"m-columns\": \"10\"\n    },\n    \"content\": [\n        {\n            \"block\": \"grid\",\n            \"elem\": \"fraction\",\n            \"elemMods\": {\n                \"m-col\": \"1\"\n            },\n            \"content\": [\n                {\n                    \"block\": \"warning\"\n                }\n            ]\n        },\n        {\n            \"block\": \"grid\",\n            \"elem\": \"fraction\",\n            \"elemMods\": {\n                \"m-col\": \"1\"\n            },\n            \"content\": [\n                {\n                    \"block\": \"product\"\n                }\n            ]\n        },\n        {\n            \"block\": \"grid\",\n            \"elem\": \"fraction\",\n            \"elemMods\": {\n                \"m-col\": \"1\"\n            },\n            \"content\": [\n                {\n                    \"block\": \"history\"\n                }\n            ]\n        },\n        {\n            \"block\": \"grid\",\n            \"elem\": \"fraction\",\n            \"elemMods\": {\n                \"m-col\": \"1\"\n            },\n            \"content\": [\n                {\n                    \"block\": \"cover\"\n                }\n            ]\n        },\n        {\n            \"block\": \"grid\",\n            \"elem\": \"fraction\",\n            \"elemMods\": {\n                \"m-col\": \"1\"\n            },\n            \"content\": [\n                {\n                    \"block\": \"collect\"\n                }\n            ]\n        },\n        {\n            \"block\": \"grid\",\n            \"elem\": \"fraction\",\n            \"elemMods\": {\n                \"m-col\": \"1\"\n            },\n            \"content\": [\n                {\n                    \"block\": \"articles\"\n                }\n            ]\n        },\n        {\n            \"block\": \"grid\",\n            \"elem\": \"fraction\",\n            \"elemMods\": {\n                \"m-col\": \"1\"\n            },\n            \"content\": [\n                {\n                    \"block\": \"subscribtion\"\n                }\n            ]\n        },\n        {\n            \"block\": \"grid\",\n            \"elem\": \"fraction\",\n            \"elemMods\": {\n                \"m-col\": \"1\"\n            },\n            \"content\": [\n                {\n                    \"block\": \"event\"\n                }\n            ]\n        },\n        {\n            \"block\": \"grid\",\n            \"elem\": \"fraction\",\n            \"elemMods\": {\n                \"m-col\": \"2\"\n            },\n            \"content\": [\n                {\n                    \"block\": \"commercial\"\n                }\n            ]\n        }\n    ]\n }`;\nconst result = lint(inputJson);\nexpect(result).to.be.an('array').that.is.empty;",
                  "err": {},
                  "uuid": "53123456-2cf8-42e9-8415-4e3672e238e9",
                  "parentUUID": "494634f5-efda-4c7e-aabd-1d9f92375c63",
                  "isHook": false,
                  "skipped": false
                }
              ],
              "suites": [],
              "passes": [
                "f49caa09-9cc7-49e1-88a8-02cea0cb6f54",
                "53123456-2cf8-42e9-8415-4e3672e238e9"
              ],
              "failures": [],
              "pending": [],
              "skipped": [],
              "duration": 3,
              "root": false,
              "rootEmpty": false,
              "_timeout": 2000
            }
          ],
          "passes": [],
          "failures": [],
          "pending": [],
          "skipped": [],
          "duration": 0,
          "root": false,
          "rootEmpty": false,
          "_timeout": 2000
        },
        {
          "uuid": "d32a5975-2d04-4d52-9c65-ecef79c7448c",
          "title": "Test index.json",
          "fullFile": "C:\\Users\\kar\\Documents\\Web\\shri\\2020\\moscow\\february\\task2\\stub\\test\\test-index-json.js",
          "file": "\\test\\test-index-json.js",
          "beforeHooks": [],
          "afterHooks": [],
          "tests": [
            {
              "title": "index.json",
              "fullTitle": "Test index.json index.json",
              "timedOut": false,
              "duration": 44,
              "state": "passed",
              "speed": "medium",
              "pass": true,
              "fail": false,
              "pending": false,
              "context": null,
              "code": "const result = lint(`\n{\n    \"block\": \"page\",\n    \"mix\": [\n        {\n            \"block\": \"theme\",\n            \"mods\": {\n                \"color\": \"project-default\",\n                \"size\": \"default\",\n                \"space\": \"default\",\n                \"gap\": \"small\"\n            }\n        }\n    ],\n    \"content\": [\n        {\n            \"block\": \"header\",\n            \"content\": {\n                \"block\": \"header\",\n                \"elem\": \"content\",\n                \"content\": [\n                    {\n                        \"block\": \"header\",\n                        \"elem\": \"logo\"\n                    },\n                    [\n                        {\n                            \"block\": \"onoffswitch\",\n                            \"mods\": {\n                                \"checked\": true\n                            },\n                            \"content\": [\n                                {\n                                    \"block\": \"onoffswitch\",\n                                    \"elem\": \"button\"\n                                }\n                            ]\n                        }\n                    ]\n                ]\n            }\n        },\n        {\n            \"block\": \"layout\",\n            \"content\": [\n                {\n                    \"block\": \"layout\",\n                    \"elem\": \"container\",\n                    \"mix\": [\n                        {\n                            \"block\": \"section\",\n                            \"mods\": {\n                                \"indent-b\": \"xxl\"\n                            }\n                        }\n                    ],\n                    \"elemMods\": {\n                        \"size\": \"m\",\n                        \"align\": \"center\"\n                    },\n                    \"content\": [\n                        {\n                            \"block\": \"grid\",\n                            \"mods\": {\n                                \"col-gap\": \"full\",\n                                \"row-gap\": \"full\",\n                                \"m-columns\": 12\n                            },\n                            \"content\": [\n                                {\n                                    \"block\": \"grid\",\n                                    \"elem\": \"fraction\",\n                                    \"elemMods\": {\n                                        \"m-col\": 4\n                                    },\n                                    \"content\": [\n                                        {\n                                            \"block\": \"warning\",\n                                            \"mix\": [\n                                                {\n                                                    \"block\": \"informer\",\n                                                    \"mods\": {\n                                                        \"border\": \"all\",\n                                                        \"view\": \"default\"\n                                                    }\n                                                },\n                                                {\n                                                    \"block\": \"theme\",\n                                                    \"mods\": {\n                                                        \"color\": \"project-warning\"\n                                                    }\n                                                }\n                                            ],\n                                            \"content\": [\n                                                {\n                                                    \"block\": \"warning\",\n                                                    \"elem\": \"content\",\n                                                    \"mix\": [\n                                                        {\n                                                            \"block\": \"informer\",\n                                                            \"elem\": \"content\",\n                                                            \"elemMods\": {\n                                                                \"distribute\": \"center\",\n                                                                \"space-a\": \"xxl\"\n                                                            }\n                                                        }\n                                                    ],\n                                                    \"content\": [\n                                                        {\n                                                            \"block\": \"placeholder\",\n                                                            \"mods\": {\n                                                                \"view\": \"primary\",\n                                                                \"size\": \"m\"\n                                                            }\n                                                        },\n                                                        {\n                                                            \"block\": \"text\",\n                                                            \"mods\": {\n                                                                \"view\": \"primary\",\n                                                                \"size\": \"xl\",\n                                                                \"align\": \"center\"\n                                                            },\n                                                            \"content\": [\n                                                                {\n                                                                    \"block\": \"text\",\n                                                                    \"elem\": \"word\",\n                                                                    \"elemMods\": {\n                                                                        \"width\": \"s\"\n                                                                    }\n                                                                },\n                                                                {\n                                                                    \"block\": \"text\",\n                                                                    \"elem\": \"word\",\n                                                                    \"elemMods\": {\n                                                                        \"width\": \"l\"\n                                                                    }\n                                                                },\n                                                                {\n                                                                    \"block\": \"text\",\n                                                                    \"elem\": \"word\",\n                                                                    \"elemMods\": {\n                                                                        \"width\": \"m\"\n                                                                    }\n                                                                },\n                                                                {\n                                                                    \"block\": \"text\",\n                                                                    \"elem\": \"word\",\n                                                                    \"elemMods\": {\n                                                                        \"width\": \"m\"\n                                                                    }\n                                                                },\n                                                                {\n                                                                    \"block\": \"text\",\n                                                                    \"elem\": \"word\",\n                                                                    \"elemMods\": {\n                                                                        \"width\": \"s\"\n                                                                    }\n                                                                },\n                                                                {\n                                                                    \"block\": \"text\",\n                                                                    \"elem\": \"word\",\n                                                                    \"elemMods\": {\n                                                                        \"width\": \"m\"\n                                                                    }\n                                                                },\n                                                                {\n                                                                    \"block\": \"text\",\n                                                                    \"elem\": \"word\",\n                                                                    \"elemMods\": {\n                                                                        \"width\": \"l\"\n                                                                    }\n                                                                },\n                                                                {\n                                                                    \"block\": \"text\",\n                                                                    \"elem\": \"word\",\n                                                                    \"elemMods\": {\n                                                                        \"width\": \"s\"\n                                                                    }\n                                                                },\n                                                                {\n                                                                    \"block\": \"text\",\n                                                                    \"elem\": \"word\",\n                                                                    \"elemMods\": {\n                                                                        \"width\": \"m\"\n                                                                    }\n                                                                }\n                                                            ]\n                                                        }\n                                                    ]\n                                                },\n                                                {\n                                                    \"block\": \"warning\",\n                                                    \"elem\": \"button-wrapper\",\n                                                    \"mix\": [\n                                                        {\n                                                            \"block\": \"informer\",\n                                                            \"elem\": \"action\",\n                                                            \"elemMods\": {\n                                                                \"distribute\": \"center\",\n                                                                \"space-a\": \"xl\"\n                                                            }\n                                                        }\n                                                    ],\n                                                    \"content\": [\n                                                        {\n                                                            \"block\": \"button\",\n                                                            \"mods\": {\n                                                                \"size\": \"l\"\n                                                            }\n                                                        }\n                                                    ]\n                                                }\n                                            ]\n                                        }\n                                    ]\n                                },\n                                {\n                                    \"block\": \"grid\",\n                                    \"elem\": \"fraction\",\n                                    \"elemMods\": {\n                                        \"m-col\": 8\n                                    },\n                                    \"content\": [\n                                        {\n                                            \"block\": \"payment\",\n                                            \"mix\": [\n                                                {\n                                                    \"block\": \"form\"\n                                                },\n                                                {\n                                                    \"block\": \"form\",\n                                                    \"mods\": {\n                                                        \"border\": \"all\",\n                                                        \"view\": \"default\"\n                                                    }\n                                                }\n                                            ],\n                                            \"content\": [\n                                                {\n                                                    \"block\": \"payment\",\n                                                    \"elem\": \"header\",\n                                                    \"mix\": [\n                                                        {\n                                                            \"block\": \"form\",\n                                                            \"elem\": \"header\"\n                                                        },\n                                                        {\n                                                            \"block\": \"form\",\n                                                            \"elem\": \"item\",\n                                                            \"elemMods\": {\n                                                                \"space-v\": \"l\",\n                                                                \"space-h\": \"xl\",\n                                                                \"border\": \"bottom\"\n                                                            }\n                                                        }\n                                                    ],\n                                                    \"content\": [\n                                                        {\n                                                            \"block\": \"text\",\n                                                            \"mods\": {\n                                                                \"view\": \"primary\",\n                                                                \"size\": \"xxl\"\n                                                            },\n                                                            \"content\": {\n                                                                \"block\": \"text\",\n                                                                \"elem\": \"word\",\n                                                                \"elemMods\": {\n                                                                    \"width\": \"l\"\n                                                                }\n                                                            }\n                                                        }\n                                                    ]\n                                                },\n                                                {\n                                                    \"block\": \"payment\",\n                                                    \"elem\": \"content\",\n                                                    \"mix\": [\n                                                        {\n                                                            \"block\": \"form\",\n                                                            \"elem\": \"content\"\n                                                        },\n                                                        {\n                                                            \"block\": \"form\",\n                                                            \"elem\": \"item\",\n                                                            \"elemMods\": {\n                                                                \"space-v\": \"xxxl\",\n                                                                \"space-h\": \"xl\",\n                                                                \"border\": \"bottom\"\n                                                            }\n                                                        }\n                                                    ],\n                                                    \"content\": [\n                                                        {\n                                                            \"block\": \"form\",\n                                                            \"elem\": \"item\",\n                                                            \"elemMods\": {\n                                                                \"indent-b\": \"xl\",\n                                                                \"distribute\": \"between\",\n                                                                \"vertical-align\": \"center\"\n                                                            },\n                                                            \"content\": [\n                                                                {\n                                                                    \"block\": \"form\",\n                                                                    \"elem\": \"label\",\n                                                                    \"elemMods\": {\n                                                                        \"width\": \"default\"\n                                                                    },\n                                                                    \"mix\": [\n                                                                        {\n                                                                            \"block\": \"text\",\n                                                                            \"mods\": {\n                                                                                \"view\": \"primary\",\n                                                                                \"size\": \"l\"\n                                                                            }\n                                                                        }\n                                                                    ],\n                                                                    \"content\": [\n                                                                        {\n                                                                            \"block\": \"text\",\n                                                                            \"elem\": \"word\",\n                                                                            \"elemMods\": {\n                                                                                \"width\": \"l\"\n                                                                            }\n                                                                        }\n                                                                    ]\n                                                                },\n                                                                {\n                                                                    \"block\": \"form\",\n                                                                    \"elem\": \"control\",\n                                                                    \"content\": {\n                                                                        \"block\": \"input\",\n                                                                        \"mods\": {\n                                                                            \"size\": \"l\"\n                                                                        }\n                                                                    }\n                                                                }\n                                                            ]\n                                                        },\n                                                        {\n                                                            \"block\": \"form\",\n                                                            \"elem\": \"item\",\n                                                            \"elemMods\": {\n                                                                \"indent-b\": \"xl\",\n                                                                \"distribute\": \"between\",\n                                                                \"vertical-align\": \"center\"\n                                                            },\n                                                            \"content\": [\n                                                                {\n                                                                    \"block\": \"form\",\n                                                                    \"elem\": \"label\",\n                                                                    \"elemMods\": {\n                                                                        \"width\": \"default\"\n                                                                    },\n                                                                    \"mix\": [\n                                                                        {\n                                                                            \"block\": \"text\",\n                                                                            \"mods\": {\n                                                                                \"view\": \"primary\",\n                                                                                \"size\": \"l\"\n                                                                            }\n                                                                        }\n                                                                    ],\n                                                                    \"content\": [\n                                                                        {\n                                                                            \"block\": \"text\",\n                                                                            \"elem\": \"word\",\n                                                                            \"elemMods\": {\n                                                                                \"width\": \"l\"\n                                                                            }\n                                                                        }\n                                                                    ]\n                                                                },\n                                                                {\n                                                                    \"block\": \"form\",\n                                                                    \"elem\": \"control\",\n                                                                    \"content\": {\n                                                                        \"block\": \"input\",\n                                                                        \"mods\": {\n                                                                            \"size\": \"l\"\n                                                                        }\n                                                                    }\n                                                                }\n                                                            ]\n                                                        }\n                                                    ]\n                                                },\n                                                {\n                                                    \"block\": \"payment\",\n                                                    \"elem\": \"footer\",\n                                                    \"mix\": [\n                                                        {\n                                                            \"block\": \"form\",\n                                                            \"elem\": \"item\",\n                                                            \"elemMods\": {\n                                                                \"distribute\": \"between\",\n                                                                \"vertical-align\": \"center\",\n                                                                \"space-v\": \"l\",\n                                                                \"space-h\": \"xl\"\n                                                            }\n                                                        }\n                                                    ],\n                                                    \"content\": [\n                                                        {\n                                                            \"block\": \"form\",\n                                                            \"elem\": \"label\",\n                                                            \"elemMods\": {\n                                                                \"width\": \"default\"\n                                                            },\n                                                            \"mix\": [\n                                                                {\n                                                                    \"block\": \"text\",\n                                                                    \"mods\": {\n                                                                        \"view\": \"primary\",\n                                                                        \"size\": \"l\"\n                                                                    }\n                                                                }\n                                                            ],\n                                                            \"content\": [\n                                                                {\n                                                                    \"block\": \"text\",\n                                                                    \"elem\": \"word\",\n                                                                    \"elemMods\": {\n                                                                        \"width\": \"l\"\n                                                                    }\n                                                                }\n                                                            ]\n                                                        },\n                                                        {\n                                                            \"block\": \"form\",\n                                                            \"elem\": \"control\",\n                                                            \"content\": [\n                                                                {\n                                                                    \"block\": \"button\",\n                                                                    \"mods\": {\n                                                                        \"size\": \"l\"\n                                                                    }\n                                                                }\n                                                            ]\n                                                        }\n                                                    ]\n                                                }\n                                            ]\n                                        }\n                                    ]\n                                }\n                            ]\n                        }\n                    ]\n                },\n                {\n                    \"block\": \"layout\",\n                    \"elem\": \"container\",\n                    \"elemMods\": {\n                        \"size\": \"m\",\n                        \"align\": \"center\"\n                    },\n                    \"mix\": [\n                        {\n                            \"block\": \"section\",\n                            \"mods\": {\n                                \"indent-b\": \"xxl\"\n                            }\n                        }\n                    ],\n                    \"content\": [\n                        {\n                            \"block\": \"grid\",\n                            \"mods\": {\n                                \"col-gap\": \"half\",\n                                \"row-gap\": \"half\",\n                                \"m-columns\": 10\n                            },\n                            \"content\": [\n                                {\n                                    \"block\": \"grid\",\n                                    \"elem\": \"fraction\",\n                                    \"elemMods\": {\n                                        \"m-col\": 2\n                                    },\n                                    \"content\": [\n                                        {\n                                            \"block\": \"product\",\n                                            \"mix\": [\n                                                {\n                                                    \"block\": \"card\",\n                                                    \"mods\": {\n                                                        \"view\": \"default\",\n                                                        \"border\": \"all\"\n                                                    }\n                                                }\n                                            ],\n                                            \"content\": [\n                                                {\n                                                    \"block\": \"product\",\n                                                    \"elem\": \"content\",\n                                                    \"mix\": [\n                                                        {\n                                                            \"block\": \"card\",\n                                                            \"elem\": \"content\",\n                                                            \"elemMods\": {\n                                                                \"space-a\": \"m\"\n                                                            }\n                                                        }\n                                                    ],\n                                                    \"content\": [\n                                                        {\n                                                            \"block\": \"product\",\n                                                            \"elem\": \"image\",\n                                                            \"mix\": [\n                                                                {\n                                                                    \"block\": \"theme\",\n                                                                    \"mods\": {\n                                                                        \"color\": \"project-inverse\"\n                                                                    }\n                                                                }\n                                                            ],\n                                                            \"content\": [\n                                                                {\n                                                                    \"block\": \"image\"\n                                                                }\n                                                            ]\n                                                        }\n                                                    ]\n                                                },\n                                                {\n                                                    \"block\": \"product\",\n                                                    \"elem\": \"footer\",\n                                                    \"mix\": [\n                                                        {\n                                                            \"block\": \"card\",\n                                                            \"elem\": \"footer\",\n                                                            \"elemMods\": {\n                                                                \"space-a\": \"m\"\n                                                            }\n                                                        }\n                                                    ],\n                                                    \"content\": [\n                                                        {\n                                                            \"block\": \"text\",\n                                                            \"mods\": {\n                                                                \"size\": \"m\",\n                                                                \"view\": \"primary\"\n                                                            },\n                                                            \"content\": [\n                                                                {\n                                                                    \"block\": \"text\",\n                                                                    \"elem\": \"word\",\n                                                                    \"elemMods\": {\n                                                                        \"width\": \"l\"\n                                                                    }\n                                                                }\n                                                            ]\n                                                        },\n                                                        {\n                                                            \"block\": \"text\",\n                                                            \"mods\": {\n                                                                \"size\": \"s\",\n                                                                \"view\": \"primary\"\n                                                            },\n                                                            \"content\": [\n                                                                {\n                                                                    \"block\": \"text\",\n                                                                    \"elem\": \"word\",\n                                                                    \"elemMods\": {\n                                                                        \"width\": \"m\"\n                                                                    }\n                                                                }\n                                                            ]\n                                                        }\n                                                    ]\n                                                }\n                                            ]\n                                        }\n                                    ]\n                                },\n                                {\n                                    \"block\": \"grid\",\n                                    \"elem\": \"fraction\",\n                                    \"elemMods\": {\n                                        \"m-col\": 2\n                                    },\n                                    \"content\": [\n                                        {\n                                            \"block\": \"product\",\n                                            \"mix\": [\n                                                {\n                                                    \"block\": \"card\",\n                                                    \"mods\": {\n                                                        \"view\": \"default\",\n                                                        \"border\": \"all\"\n                                                    }\n                                                }\n                                            ],\n                                            \"content\": [\n                                                {\n                                                    \"block\": \"product\",\n                                                    \"elem\": \"content\",\n                                                    \"mix\": [\n                                                        {\n                                                            \"block\": \"card\",\n                                                            \"elem\": \"content\",\n                                                            \"elemMods\": {\n                                                                \"space-a\": \"m\"\n                                                            }\n                                                        }\n                                                    ],\n                                                    \"content\": [\n                                                        {\n                                                            \"block\": \"product\",\n                                                            \"elem\": \"image\",\n                                                            \"mix\": [\n                                                                {\n                                                                    \"block\": \"theme\",\n                                                                    \"mods\": {\n                                                                        \"color\": \"project-inverse\"\n                                                                    }\n                                                                }\n                                                            ],\n                                                            \"content\": [\n                                                                {\n                                                                    \"block\": \"image\"\n                                                                }\n                                                            ]\n                                                        }\n                                                    ]\n                                                },\n                                                {\n                                                    \"block\": \"product\",\n                                                    \"elem\": \"footer\",\n                                                    \"mix\": [\n                                                        {\n                                                            \"block\": \"card\",\n                                                            \"elem\": \"footer\",\n                                                            \"elemMods\": {\n                                                                \"space-a\": \"m\"\n                                                            }\n                                                        }\n                                                    ],\n                                                    \"content\": [\n                                                        {\n                                                            \"block\": \"text\",\n                                                            \"mods\": {\n                                                                \"size\": \"m\",\n                                                                \"view\": \"primary\"\n                                                            },\n                                                            \"content\": [\n                                                                {\n                                                                    \"block\": \"text\",\n                                                                    \"elem\": \"word\",\n                                                                    \"elemMods\": {\n                                                                        \"width\": \"l\"\n                                                                    }\n                                                                }\n                                                            ]\n                                                        },\n                                                        {\n                                                            \"block\": \"text\",\n                                                            \"mods\": {\n                                                                \"size\": \"s\",\n                                                                \"view\": \"primary\"\n                                                            },\n                                                            \"content\": [\n                                                                {\n                                                                    \"block\": \"text\",\n                                                                    \"elem\": \"word\",\n                                                                    \"elemMods\": {\n                                                                        \"width\": \"m\"\n                                                                    }\n                                                                }\n                                                            ]\n                                                        }\n                                                    ]\n                                                }\n                                            ]\n                                        }\n                                    ]\n                                },\n                                {\n                                    \"block\": \"grid\",\n                                    \"elem\": \"fraction\",\n                                    \"elemMods\": {\n                                        \"m-col\": 2\n                                    },\n                                    \"content\": [\n                                        {\n                                            \"block\": \"product\",\n                                            \"mix\": [\n                                                {\n                                                    \"block\": \"card\",\n                                                    \"mods\": {\n                                                        \"view\": \"default\",\n                                                        \"border\": \"all\"\n                                                    }\n                                                }\n                                            ],\n                                            \"content\": [\n                                                {\n                                                    \"block\": \"product\",\n                                                    \"elem\": \"content\",\n                                                    \"mix\": [\n                                                        {\n                                                            \"block\": \"card\",\n                                                            \"elem\": \"content\",\n                                                            \"elemMods\": {\n                                                                \"space-a\": \"m\"\n                                                            }\n                                                        }\n                                                    ],\n                                                    \"content\": [\n                                                        {\n                                                            \"block\": \"product\",\n                                                            \"elem\": \"image\",\n                                                            \"mix\": [\n                                                                {\n                                                                    \"block\": \"theme\",\n                                                                    \"mods\": {\n                                                                        \"color\": \"project-inverse\"\n                                                                    }\n                                                                }\n                                                            ],\n                                                            \"content\": [\n                                                                {\n                                                                    \"block\": \"image\"\n                                                                }\n                                                            ]\n                                                        }\n                                                    ]\n                                                },\n                                                {\n                                                    \"block\": \"product\",\n                                                    \"elem\": \"footer\",\n                                                    \"mix\": [\n                                                        {\n                                                            \"block\": \"card\",\n                                                            \"elem\": \"footer\",\n                                                            \"elemMods\": {\n                                                                \"space-a\": \"m\"\n                                                            }\n                                                        }\n                                                    ],\n                                                    \"content\": [\n                                                        {\n                                                            \"block\": \"text\",\n                                                            \"mods\": {\n                                                                \"size\": \"m\",\n                                                                \"view\": \"primary\"\n                                                            },\n                                                            \"content\": [\n                                                                {\n                                                                    \"block\": \"text\",\n                                                                    \"elem\": \"word\",\n                                                                    \"elemMods\": {\n                                                                        \"width\": \"l\"\n                                                                    }\n                                                                }\n                                                            ]\n                                                        },\n                                                        {\n                                                            \"block\": \"text\",\n                                                            \"mods\": {\n                                                                \"size\": \"s\",\n                                                                \"view\": \"primary\"\n                                                            },\n                                                            \"content\": [\n                                                                {\n                                                                    \"block\": \"text\",\n                                                                    \"elem\": \"word\",\n                                                                    \"elemMods\": {\n                                                                        \"width\": \"m\"\n                                                                    }\n                                                                }\n                                                            ]\n                                                        }\n                                                    ]\n                                                }\n                                            ]\n                                        }\n                                    ]\n                                },\n                                {\n                                    \"block\": \"grid\",\n                                    \"elem\": \"fraction\",\n                                    \"elemMods\": {\n                                        \"m-col\": 2\n                                    },\n                                    \"content\": [\n                                        {\n                                            \"block\": \"product\",\n                                            \"mix\": [\n                                                {\n                                                    \"block\": \"card\",\n                                                    \"mods\": {\n                                                        \"view\": \"default\",\n                                                        \"border\": \"all\"\n                                                    }\n                                                }\n                                            ],\n                                            \"content\": [\n                                                {\n                                                    \"block\": \"product\",\n                                                    \"elem\": \"content\",\n                                                    \"mix\": [\n                                                        {\n                                                            \"block\": \"card\",\n                                                            \"elem\": \"content\",\n                                                            \"elemMods\": {\n                                                                \"space-a\": \"m\"\n                                                            }\n                                                        }\n                                                    ],\n                                                    \"content\": [\n                                                        {\n                                                            \"block\": \"product\",\n                                                            \"elem\": \"image\",\n                                                            \"mix\": [\n                                                                {\n                                                                    \"block\": \"theme\",\n                                                                    \"mods\": {\n                                                                        \"color\": \"project-inverse\"\n                                                                    }\n                                                                }\n                                                            ],\n                                                            \"content\": [\n                                                                {\n                                                                    \"block\": \"image\"\n                                                                }\n                                                            ]\n                                                        }\n                                                    ]\n                                                },\n                                                {\n                                                    \"block\": \"product\",\n                                                    \"elem\": \"footer\",\n                                                    \"mix\": [\n                                                        {\n                                                            \"block\": \"card\",\n                                                            \"elem\": \"footer\",\n                                                            \"elemMods\": {\n                                                                \"space-a\": \"m\"\n                                                            }\n                                                        }\n                                                    ],\n                                                    \"content\": [\n                                                        {\n                                                            \"block\": \"text\",\n                                                            \"mods\": {\n                                                                \"size\": \"m\",\n                                                                \"view\": \"primary\"\n                                                            },\n                                                            \"content\": [\n                                                                {\n                                                                    \"block\": \"text\",\n                                                                    \"elem\": \"word\",\n                                                                    \"elemMods\": {\n                                                                        \"width\": \"l\"\n                                                                    }\n                                                                }\n                                                            ]\n                                                        },\n                                                        {\n                                                            \"block\": \"text\",\n                                                            \"mods\": {\n                                                                \"size\": \"s\",\n                                                                \"view\": \"primary\"\n                                                            },\n                                                            \"content\": [\n                                                                {\n                                                                    \"block\": \"text\",\n                                                                    \"elem\": \"word\",\n                                                                    \"elemMods\": {\n                                                                        \"width\": \"m\"\n                                                                    }\n                                                                }\n                                                            ]\n                                                        }\n                                                    ]\n                                                }\n                                            ]\n                                        }\n                                    ]\n                                },\n                                {\n                                    \"block\": \"grid\",\n                                    \"elem\": \"fraction\",\n                                    \"elemMods\": {\n                                        \"m-col\": 2\n                                    },\n                                    \"content\": [\n                                        {\n                                            \"block\": \"product\",\n                                            \"mix\": [\n                                                {\n                                                    \"block\": \"card\",\n                                                    \"mods\": {\n                                                        \"view\": \"default\",\n                                                        \"border\": \"all\"\n                                                    }\n                                                }\n                                            ],\n                                            \"content\": [\n                                                {\n                                                    \"block\": \"product\",\n                                                    \"elem\": \"content\",\n                                                    \"mix\": [\n                                                        {\n                                                            \"block\": \"card\",\n                                                            \"elem\": \"content\",\n                                                            \"elemMods\": {\n                                                                \"space-a\": \"m\"\n                                                            }\n                                                        }\n                                                    ],\n                                                    \"content\": [\n                                                        {\n                                                            \"block\": \"product\",\n                                                            \"elem\": \"image\",\n                                                            \"mix\": [\n                                                                {\n                                                                    \"block\": \"theme\",\n                                                                    \"mods\": {\n                                                                        \"color\": \"project-inverse\"\n                                                                    }\n                                                                }\n                                                            ],\n                                                            \"content\": [\n                                                                {\n                                                                    \"block\": \"image\"\n                                                                }\n                                                            ]\n                                                        }\n                                                    ]\n                                                },\n                                                {\n                                                    \"block\": \"product\",\n                                                    \"elem\": \"footer\",\n                                                    \"mix\": [\n                                                        {\n                                                            \"block\": \"card\",\n                                                            \"elem\": \"footer\",\n                                                            \"elemMods\": {\n                                                                \"space-a\": \"m\"\n                                                            }\n                                                        }\n                                                    ],\n                                                    \"content\": [\n                                                        {\n                                                            \"block\": \"text\",\n                                                            \"mods\": {\n                                                                \"size\": \"m\",\n                                                                \"view\": \"primary\"\n                                                            },\n                                                            \"content\": [\n                                                                {\n                                                                    \"block\": \"text\",\n                                                                    \"elem\": \"word\",\n                                                                    \"elemMods\": {\n                                                                        \"width\": \"l\"\n                                                                    }\n                                                                }\n                                                            ]\n                                                        },\n                                                        {\n                                                            \"block\": \"text\",\n                                                            \"mods\": {\n                                                                \"size\": \"s\",\n                                                                \"view\": \"primary\"\n                                                            },\n                                                            \"content\": [\n                                                                {\n                                                                    \"block\": \"text\",\n                                                                    \"elem\": \"word\",\n                                                                    \"elemMods\": {\n                                                                        \"width\": \"m\"\n                                                                    }\n                                                                }\n                                                            ]\n                                                        }\n                                                    ]\n                                                }\n                                            ]\n                                        }\n                                    ]\n                                }\n                            ]\n                        }\n                    ]\n                },\n                {\n                    \"block\": \"layout\",\n                    \"elem\": \"container\",\n                    \"elemMods\": {\n                        \"size\": \"m\",\n                        \"align\": \"center\"\n                    },\n                    \"content\": [\n                        {\n                            \"block\": \"grid\",\n                            \"mods\": {\n                                \"col-gap\": \"full\",\n                                \"row-gap\": \"full\",\n                                \"m-columns\": 10\n                            },\n                            \"content\": [\n                                {\n                                    \"block\": \"grid\",\n                                    \"elem\": \"fraction\",\n                                    \"elemMods\": {\n                                        \"m-col\": 5\n                                    },\n                                    \"content\": [\n                                        {\n                                            \"block\": \"history\",\n                                            \"content\": [\n                                                {\n                                  
[...]
                  "err": {},
                  "uuid": "927f3990-3d45-4bee-9384-f92a688b6d57",
                  "parentUUID": "67af8dea-5302-4f46-8b6a-bc529cc520a8",
                  "isHook": false,
                  "skipped": false
                },
                {
                  "title": "Nested warning elements of different text sizes inside one warning block",
                  "fullTitle": "WARNING.TEXT_SIZES_SHOULD_BE_EQUAL INVALID Nested warning elements of different text sizes inside one warning block",
                  "timedOut": false,
                  "duration": 0,
                  "state": "passed",
                  "speed": "fast",
                  "pass": true,
                  "fail": false,
                  "pending": false,
                  "context": null,
                  "code": "const inputJson = `{ \n              \"block\": \"warning\",\n              \"content\": [\n                  { \n                      \"block\": \"warning\", \n                      \"elem\": \"content\",\n                      \"content\": [\n                          { \"block\": \"text\", \"mods\": { \"size\": \"m\" } },\n                          {\n                              \"block\": \"warning\",\n                              \"elem\": \"button-wrapper\",\n                              \"content\": [\n                                  { \"block\": \"text\", \"mods\": { \"size\": \"l\" } }\n                              ]\n                          },\n                          { \"block\": \"text\", \"mods\": { \"size\": \"m\" } }\n                      ]\n                  },\n                  { \"block\": \"text\", \"mods\": { \"size\": \"l\" } }\n              ]\n          }`;\n          \n          const result = lint(inputJson);\n          expect(result).to.be.an('array').that.is.deep.equal([\n              {\n                  \"code\": \"WARNING.TEXT_SIZES_SHOULD_BE_EQUAL\",\n                  \"error\": \"Тексты в блоке warning должны быть одного размера и должны быть заданы\",\n                  \"location\": {\n                      \"start\": { \"column\": 1, \"line\": 1 },\n                      \"end\": { \"column\": 14, \"line\": 21 }\n                  }\n              }\n          ]);",
                  "err": {},
                  "uuid": "13a42969-7e9d-4782-9b59-744e08ee11e9",
                  "parentUUID": "67af8dea-5302-4f46-8b6a-bc529cc520a8",
                  "isHook": false,
                  "skipped": false
                }
              ],
              "suites": [],
              "passes": [
                "ad185cb8-11be-498a-a7a8-081dd777b3f6",
                "844a32c1-d7b8-461a-b831-7422992e12ed",
                "718f226f-daa0-477c-813e-716a72832b86",
                "f9895f68-d6aa-45a5-8973-1e5740476c0e",
                "e74b9565-7554-4834-b1bb-a12c0e3d041b",
                "2e544036-7a80-40ae-80d1-880eff36d0b6",
                "53f04d31-2f44-43cd-9c9e-44a641df53cc",
                "0bb6effb-7efc-4c34-91c3-faedec12a6c6",
                "6a80acbe-f91e-4e00-a652-c23028147df8",
                "3067b0cb-70b6-4ded-86d4-9a8bd9fd8936",
                "927f3990-3d45-4bee-9384-f92a688b6d57",
                "13a42969-7e9d-4782-9b59-744e08ee11e9"
              ],
              "failures": [],
              "pending": [],
              "skipped": [],
              "duration": 3,
              "root": false,
              "rootEmpty": false,
              "_timeout": 2000
            },
            {
              "uuid": "1d9ae659-9f34-4539-b3ba-c61c7700192c",
              "title": "VALID",
              "fullFile": "C:\\Users\\kar\\Documents\\Web\\shri\\2020\\moscow\\february\\task2\\stub\\test\\test-warning-text-size.js",
              "file": "\\test\\test-warning-text-size.js",
              "beforeHooks": [],
              "afterHooks": [],
              "tests": [
                {
                  "title": "2 text blocks of size-l",
                  "fullTitle": "WARNING.TEXT_SIZES_SHOULD_BE_EQUAL VALID 2 text blocks of size-l",
                  "timedOut": false,
                  "duration": 0,
                  "state": "passed",
                  "speed": "fast",
                  "pass": true,
                  "fail": false,
                  "pending": false,
                  "context": null,
                  "code": "const inputJson = `\n          { \n              \"block\": \"warning\",\n              \"content\": \n                  [\n                      { \n                          \"block\": \"placeholder\",\n                          \"mods\": { \"size\": \"m\" }\n                      },\n                      {  \n                          \"elem\": \"content\",\n                          \"content\": \n                              [\n                                  { \n                                      \"block\": \"text\",\n                                      \"mods\": { \"size\": \"l\" }\n                                  },\n                                  {  \n                                      \"block\": \"text\",\n                                      \"mods\": { \"size\": \"l\" }\n                                  }\n                              ]\n                      }\n                  ]\n          }`;\n          \n          const result = lint(inputJson);\n          expect(result).to.be.an('array').that.is.empty;",
                  "err": {},
                  "uuid": "1af9823d-18d5-4dc1-8172-4933c0c48471",
                  "parentUUID": "1d9ae659-9f34-4539-b3ba-c61c7700192c",
                  "isHook": false,
                  "skipped": false
                },
                {
                  "title": "3 text blocks of size-m, 3rd level children,content is object",
                  "fullTitle": "WARNING.TEXT_SIZES_SHOULD_BE_EQUAL VALID 3 text blocks of size-m, 3rd level children,content is object",
                  "timedOut": false,
                  "duration": 0,
                  "state": "passed",
                  "speed": "fast",
                  "pass": true,
                  "fail": false,
                  "pending": false,
                  "context": null,
                  "code": "const inputJson = `\n          { \n              \"block\": \"warning\",\n              \"content\": \n                  { \n                      \"block\": \"warning\", \n                      \"elem\": \"content\",\n                      \"content\": \n                          {\n                              \"block\": \"warning\",\n                              \"elem\": \"button-wrapper\",\n                              \"content\":\n                                  [\n                                      { \n                                          \"block\": \"text\",\n                                          \"mods\": { \"size\": \"m\" }\n                                      },\n                                      {  \n                                          \"block\": \"text\",\n                                          \"mods\": { \"size\": \"m\" }\n                                      },\n                                      {  \n                                          \"block\": \"text\",\n                                          \"mods\": { \"size\": \"m\" }\n                                      }\n                                  ]\n                          }\n                  }\n          }`;\n          \n          const result = lint(inputJson);\n          expect(result).to.be.an('array').that.is.empty;",
                  "err": {},
                  "uuid": "d86b7217-7eb7-4459-98cc-8b78c912c0e4",
                  "parentUUID": "1d9ae659-9f34-4539-b3ba-c61c7700192c",
                  "isHook": false,
                  "skipped": false
                },
                {
                  "title": "3 nested warning blocks of different text sizes",
                  "fullTitle": "WARNING.TEXT_SIZES_SHOULD_BE_EQUAL VALID 3 nested warning blocks of different text sizes",
                  "timedOut": false,
                  "duration": 1,
                  "state": "passed",
                  "speed": "fast",
                  "pass": true,
                  "fail": false,
                  "pending": false,
                  "context": null,
                  "code": "const inputJson = `\n          { \n              \"block\": \"warning\",\n              \"content\": [\n                  { \n                      \"block\": \"text\",\n                      \"mods\": { \"size\": \"l\" }\n                  },\n                  { \n                      \"block\": \"warning\", \n                      \"content\": [\n                          { \n                              \"block\": \"text\",\n                              \"mods\": { \"size\": \"m\" }\n                          },\n                          {\n                              \"block\": \"warning\",\n                              \"content\":\n                                  [\n                                      { \n                                          \"block\": \"text\",\n                                          \"mods\": { \"size\": \"l\" }\n                                      },\n                                      {  \n                                          \"block\": \"text\",\n                                          \"mods\": { \"size\": \"l\" }\n                                      },\n                                      {  \n                                          \"block\": \"text\",\n                                          \"mods\": { \"size\": \"l\" }\n                                      }\n                                  ]\n                          },\n                          {  \n                              \"block\": \"text\",\n                              \"mods\": { \"size\": \"m\" }\n                          },\n                          {  \n                              \"block\": \"text\",\n                              \"mods\": { \"size\": \"m\" }\n                          }\n                      ]\n                  },\n                  { \n                      \"block\": \"text\",\n                      \"mods\": { \"size\": \"l\" }\n                  }\n              ]\n          }`;\n          \n          const result = lint(inputJson);\n          expect(result).to.be.an('array').that.is.empty;",
                  "err": {},
                  "uuid": "9fc026f6-e486-4cdc-b092-c0207b59826b",
                  "parentUUID": "1d9ae659-9f34-4539-b3ba-c61c7700192c",
                  "isHook": false,
                  "skipped": false
                },
                {
                  "title": "no warning block with non-equal text sizes",
                  "fullTitle": "WARNING.TEXT_SIZES_SHOULD_BE_EQUAL VALID no warning block with non-equal text sizes",
                  "timedOut": false,
                  "duration": 0,
                  "state": "passed",
                  "speed": "fast",
                  "pass": true,
                  "fail": false,
                  "pending": false,
                  "context": null,
                  "code": "const inputJson = `\n          { \n              \"block\": \"not-a-warning-block\",\n              \"content\": {  \n                  \"elem\": \"content\",\n                  \"content\": \n                      [\n                          { \n                              \"block\": \"text\",\n                              \"mods\": { \"size\": \"m\" }\n                          },\n                          {  \n                              \"block\": \"text\",\n                              \"mods\": { \"size\": \"l\" }\n                          }\n                      ]\n              }\n          }`;\n          \n          const result = lint(inputJson);\n          expect(result).to.be.an('array').that.is.empty;",
                  "err": {},
                  "uuid": "e8b780b9-d2a0-489a-b762-6600888a7145",
                  "parentUUID": "1d9ae659-9f34-4539-b3ba-c61c7700192c",
                  "isHook": false,
                  "skipped": false
                },
                {
                  "title": "no warning block with not set text sizes",
                  "fullTitle": "WARNING.TEXT_SIZES_SHOULD_BE_EQUAL VALID no warning block with not set text sizes",
                  "timedOut": false,
                  "duration": 0,
                  "state": "passed",
                  "speed": "fast",
                  "pass": true,
                  "fail": false,
                  "pending": false,
                  "context": null,
                  "code": "const inputJson = `\n          { \n              \"block\": \"not-a-warning-block\",\n              \"content\": {  \n                  \"elem\": \"content\",\n                  \"content\": \n                      [\n                          { \n                              \"block\": \"text\",\n                              \"mods\": { \"size\": \"\" }\n                          },\n                          {  \n                              \"block\": \"text\",\n                              \"mods\": { \"prop\": \"l\" }\n                          },\n                          {  \n                              \"block\": \"text\"\n                          }\n                      ]\n              }\n          }`;\n          \n          const result = lint(inputJson);\n          expect(result).to.be.an('array').that.is.empty;",
                  "err": {},
                  "uuid": "5a769a7a-c9fd-491c-ad34-ad3ce9944a9c",
                  "parentUUID": "1d9ae659-9f34-4539-b3ba-c61c7700192c",
                  "isHook": false,
                  "skipped": false
                },
                {
                  "title": "Separate nested warning blocks with different text sizes",
                  "fullTitle": "WARNING.TEXT_SIZES_SHOULD_BE_EQUAL VALID Separate nested warning blocks with different text sizes",
                  "timedOut": false,
                  "duration": 1,
                  "state": "passed",
                  "speed": "fast",
                  "pass": true,
                  "fail": false,
                  "pending": false,
                  "context": null,
                  "code": "const inputJson = `{ \n              \"block\": \"warning\",\n              \"content\": [\n                  {\"block\": \"text\", \"mods\": { \"size\": \"s\" } },\n                  { \n                      \"block\": \"warning\", \n                      \"content\": [\n                          {\n                              \"block\": \"warning\",\n                              \"content\": [\n                                  { \"block\": \"text\", \"mods\": { \"size\": \"m\" } },\n                                  { \"block\": \"text\", \"mods\": { \"size\": \"m\" } },\n                                  { \"block\": \"text\", \"mods\": { \"size\": \"m\" } }\n                              ]\n                          },\n                          { \"block\": \"text\", \"mods\": { \"size\": \"l\" } }\n                      ]\n                  }\n              ]\n          }`;\n          \n          const result = lint(inputJson);\n          expect(result).to.be.an('array').that.is.empty;",
                  "err": {},
                  "uuid": "9a921a20-c861-4641-b596-7c73d65d0640",
                  "parentUUID": "1d9ae659-9f34-4539-b3ba-c61c7700192c",
                  "isHook": false,
                  "skipped": false
                }
              ],
              "suites": [],
              "passes": [
                "1af9823d-18d5-4dc1-8172-4933c0c48471",
                "d86b7217-7eb7-4459-98cc-8b78c912c0e4",
                "9fc026f6-e486-4cdc-b092-c0207b59826b",
                "e8b780b9-d2a0-489a-b762-6600888a7145",
                "5a769a7a-c9fd-491c-ad34-ad3ce9944a9c",
                "9a921a20-c861-4641-b596-7c73d65d0640"
              ],
              "failures": [],
              "pending": [],
              "skipped": [],
              "duration": 2,
              "root": false,
              "rootEmpty": false,
              "_timeout": 2000
            }
          ],
          "passes": [],
          "failures": [],
          "pending": [],
          "skipped": [],
          "duration": 0,
          "root": false,
          "rootEmpty": false,
          "_timeout": 2000
        },
        {
          "uuid": "e8695278-ff37-4c25-8792-6cac3c92fd3e",
          "title": "Simple input",
          "fullFile": "C:\\Users\\kar\\Documents\\Web\\shri\\2020\\moscow\\february\\task2\\stub\\test\\test.js",
          "file": "\\test\\test.js",
          "beforeHooks": [],
          "afterHooks": [],
          "tests": [
            {
              "title": "empty input",
              "fullTitle": "Simple input empty input",
              "timedOut": false,
              "duration": 0,
              "state": "passed",
              "speed": "fast",
              "pass": true,
              "fail": false,
              "pending": false,
              "context": null,
              "code": "const result = lint('');\nexpect(result).to.be.an('array').that.is.empty;",
              "err": {},
              "uuid": "1a5ba47f-4927-47d9-b00d-598ee7385f61",
              "parentUUID": "e8695278-ff37-4c25-8792-6cac3c92fd3e",
              "isHook": false,
              "skipped": false
            },
            {
              "title": "empty object",
              "fullTitle": "Simple input empty object",
              "timedOut": false,
              "duration": 1,
              "state": "passed",
              "speed": "fast",
              "pass": true,
              "fail": false,
              "pending": false,
              "context": null,
              "code": "const result = lint('{}');\nexpect(result).to.be.an('array').that.is.empty;",
              "err": {},
              "uuid": "83752293-27c4-4f0f-a27b-aa2ae6ae982a",
              "parentUUID": "e8695278-ff37-4c25-8792-6cac3c92fd3e",
              "isHook": false,
              "skipped": false
            },
            {
              "title": "empty warning",
              "fullTitle": "Simple input empty warning",
              "timedOut": false,
              "duration": 0,
              "state": "passed",
              "speed": "fast",
              "pass": true,
              "fail": false,
              "pending": false,
              "context": null,
              "code": "const result = lint('{ \"block\": \"warning\"}');\nexpect(result).to.be.an('array').that.is.empty;",
              "err": {},
              "uuid": "8b78ee1f-babe-418a-81f0-2eba59fec53d",
              "parentUUID": "e8695278-ff37-4c25-8792-6cac3c92fd3e",
              "isHook": false,
              "skipped": false
            }
          ],
          "suites": [],
          "passes": [
            "1a5ba47f-4927-47d9-b00d-598ee7385f61",
            "83752293-27c4-4f0f-a27b-aa2ae6ae982a",
            "8b78ee1f-babe-418a-81f0-2eba59fec53d"
          ],
          "failures": [],
          "pending": [],
          "skipped": [],
          "duration": 1,
          "root": false,
          "rootEmpty": false,
          "_timeout": 2000
        }
      ],
      "passes": [],
      "failures": [],
      "pending": [],
      "skipped": [],
      "duration": 0,
      "root": true,
      "rootEmpty": true,
      "_timeout": 2000
    }
  ],
  "meta": {
    "mocha": {
      "version": "6.2.2"
    },
    "mochawesome": {
      "options": {
        "quiet": false,
        "reportFilename": "mochawesome",
        "saveHtml": true,
        "saveJson": true,
        "consoleReporter": "spec",
        "useInlineDiffs": false
      },
      "version": "4.1.0"
    },
    "marge": {
      "options": null,
      "version": "4.1.0"
    }
  }
}