{
  "stats": {
    "suites": 25,
    "tests": 95,
    "passes": 95,
    "pending": 0,
    "failures": 0,
    "start": "2020-01-14T11:43:39.896Z",
    "end": "2020-01-14T11:43:40.028Z",
    "duration": 132,
    "testsRegistered": 95,
    "passPercent": 100,
    "pendingPercent": 0,
    "other": 0,
    "hasOther": false,
    "skipped": 0,
    "hasSkipped": false
  },
  "results": [
    {
      "uuid": "28767541-49e4-4038-b713-d73a34479082",
      "title": "",
      "fullFile": "",
      "file": "",
      "beforeHooks": [],
      "afterHooks": [],
      "tests": [],
      "suites": [
        {
          "uuid": "39b8419c-d460-41dd-a717-c2989fbe01af",
          "title": "GRID.TOO_MUCH_MARKETING_BLOCKS",
          "fullFile": "C:\\Users\\kar\\Documents\\Web\\shri\\2020\\moscow\\february\\task2\\stub\\test\\test-grid.js",
          "file": "\\test\\test-grid.js",
          "beforeHooks": [],
          "afterHooks": [],
          "tests": [],
          "suites": [
            {
              "uuid": "556bd478-06b9-42ee-b313-c07d188f1820",
              "title": "INVALID",
              "fullFile": "C:\\Users\\kar\\Documents\\Web\\shri\\2020\\moscow\\february\\task2\\stub\\test\\test-grid.js",
              "file": "\\test\\test-grid.js",
              "beforeHooks": [],
              "afterHooks": [],
              "tests": [
                {
                  "title": "Payment 2 and Offer 8",
                  "fullTitle": "GRID.TOO_MUCH_MARKETING_BLOCKS INVALID Payment 2 and Offer 8",
                  "timedOut": false,
                  "duration": 5,
                  "state": "passed",
                  "speed": "fast",
                  "pass": true,
                  "fail": false,
                  "pending": false,
                  "context": null,
                  "code": "const inputJson = `{\n    \"block\": \"grid\",\n    \"mods\": {\n        \"m-columns\": \"10\"\n    },\n    \"content\": [\n        {\n            \"block\": \"grid\",\n            \"elem\": \"fraction\",\n            \"elemMods\": {\n                \"m-col\": \"2\"\n            },\n            \"content\": [\n                {\n                    \"block\": \"payment\"\n                }\n            ]\n        },\n        {\n            \"block\": \"grid\",\n            \"elem\": \"fraction\",\n            \"elemMods\": {\n                \"m-col\": \"8\"\n            },\n            \"content\": [\n                {\n                    \"block\": \"offer\"\n                }\n            ]\n        }\n    ]\n }`;\nconst result = lint(inputJson);\nexpect(result).to.be.an('array').that.is.deep.equal([\n    {\n        \"code\": \"GRID.TOO_MUCH_MARKETING_BLOCKS\",\n        \"error\": \"Маркетинговые блоки занимают больше половины или ровно половину от всех колонок блока grid\",\n        \"location\": {\n            \"start\": { \"column\": 1, \"line\": 1 },\n            \"end\": { \"column\": 15, \"line\": 32 }\n        }\n    }\n]);",
                  "err": {},
                  "uuid": "609c2ca9-eb2b-4d20-b7d9-358fe140fb5c",
                  "parentUUID": "556bd478-06b9-42ee-b313-c07d188f1820",
                  "isHook": false,
                  "skipped": false
                },
                {
                  "title": "3 warning and 3 marketings",
                  "fullTitle": "GRID.TOO_MUCH_MARKETING_BLOCKS INVALID 3 warning and 3 marketings",
                  "timedOut": false,
                  "duration": 2,
                  "state": "passed",
                  "speed": "fast",
                  "pass": true,
                  "fail": false,
                  "pending": false,
                  "context": null,
                  "code": "const inputJson = `{\n    \"block\": \"grid\",\n    \"mods\": {\n        \"m-columns\": \"6\"\n    },\n    \"content\": [\n        {\n            \"block\": \"grid\",\n            \"elem\": \"fraction\",\n            \"elemMods\": {\n                \"m-col\": \"3\"\n            },\n            \"content\": [\n                {\n                    \"block\": \"warning\"\n                }\n            ]\n        },\n        {\n            \"block\": \"grid\",\n            \"elem\": \"fraction\",\n            \"elemMods\": {\n                \"m-col\": \"1\"\n            },\n            \"content\": [\n                {\n                    \"block\": \"offer\"\n                }\n            ]\n        },\n        {\n            \"block\": \"grid\",\n            \"elem\": \"fraction\",\n            \"elemMods\": {\n                \"m-col\": \"1\"\n            },\n            \"content\": [\n                {\n                    \"block\": \"commercial\"\n                }\n            ]\n        },\n        {\n            \"block\": \"grid\",\n            \"elem\": \"fraction\",\n            \"elemMods\": {\n                \"m-col\": \"1\"\n            },\n            \"content\": [\n                {\n                    \"block\": \"offer\"\n                }\n            ]\n        }\n    ]\n }`;\nconst result = lint(inputJson);\nexpect(result).to.be.an('array').that.is.deep.equal([\n    {\n        \"code\": \"GRID.TOO_MUCH_MARKETING_BLOCKS\",\n        \"error\": \"Маркетинговые блоки занимают больше половины или ровно половину от всех колонок блока grid\",\n        \"location\": {\n            \"start\": { \"column\": 1, \"line\": 1 },\n            \"end\": { \"column\": 15, \"line\": 56 }\n        }\n    }\n]);",
                  "err": {},
                  "uuid": "e1286d40-319b-495d-b4c0-a842b6352e0e",
                  "parentUUID": "556bd478-06b9-42ee-b313-c07d188f1820",
                  "isHook": false,
                  "skipped": false
                }
              ],
              "suites": [],
              "passes": [
                "609c2ca9-eb2b-4d20-b7d9-358fe140fb5c",
                "e1286d40-319b-495d-b4c0-a842b6352e0e"
              ],
              "failures": [],
              "pending": [],
              "skipped": [],
              "duration": 7,
              "root": false,
              "rootEmpty": false,
              "_timeout": 2000
            },
            {
              "uuid": "3c86a280-6040-4a66-b870-4ee972127c8e",
              "title": "VALID",
              "fullFile": "C:\\Users\\kar\\Documents\\Web\\shri\\2020\\moscow\\february\\task2\\stub\\test\\test-grid.js",
              "file": "\\test\\test-grid.js",
              "beforeHooks": [],
              "afterHooks": [],
              "tests": [
                {
                  "title": "Payment 8 and Offer 2",
                  "fullTitle": "GRID.TOO_MUCH_MARKETING_BLOCKS VALID Payment 8 and Offer 2",
                  "timedOut": false,
                  "duration": 1,
                  "state": "passed",
                  "speed": "fast",
                  "pass": true,
                  "fail": false,
                  "pending": false,
                  "context": null,
                  "code": "const inputJson = `{\n    \"block\": \"grid\",\n    \"mods\": {\n        \"m-columns\": \"10\"\n    },\n    \"content\": [\n        {\n            \"block\": \"grid\",\n            \"elem\": \"fraction\",\n            \"elemMods\": {\n                \"m-col\": \"8\"\n            },\n            \"content\": [\n                {\n                    \"block\": \"payment\"\n                }\n            ]\n        },\n        {\n            \"block\": \"grid\",\n            \"elem\": \"fraction\",\n            \"elemMods\": {\n                \"m-col\": \"2\"\n            },\n            \"content\": [\n                {\n                    \"block\": \"offer\"\n                }\n            ]\n        }\n    ]\n }`;\nconst result = lint(inputJson);\nexpect(result).to.be.an('array').that.is.empty;",
                  "err": {},
                  "uuid": "54683e07-4e2b-4423-bcee-3f3361b9b6b7",
                  "parentUUID": "3c86a280-6040-4a66-b870-4ee972127c8e",
                  "isHook": false,
                  "skipped": false
                },
                {
                  "title": "8 different and 2 commercial",
                  "fullTitle": "GRID.TOO_MUCH_MARKETING_BLOCKS VALID 8 different and 2 commercial",
                  "timedOut": false,
                  "duration": 4,
                  "state": "passed",
                  "speed": "fast",
                  "pass": true,
                  "fail": false,
                  "pending": false,
                  "context": null,
                  "code": "const inputJson = `{\n    \"block\": \"grid\",\n    \"mods\": {\n        \"m-columns\": \"10\"\n    },\n    \"content\": [\n        {\n            \"block\": \"grid\",\n            \"elem\": \"fraction\",\n            \"elemMods\": {\n                \"m-col\": \"1\"\n            },\n            \"content\": [\n                {\n                    \"block\": \"warning\"\n                }\n            ]\n        },\n        {\n            \"block\": \"grid\",\n            \"elem\": \"fraction\",\n            \"elemMods\": {\n                \"m-col\": \"1\"\n            },\n            \"content\": [\n                {\n                    \"block\": \"product\"\n                }\n            ]\n        },\n        {\n            \"block\": \"grid\",\n            \"elem\": \"fraction\",\n            \"elemMods\": {\n                \"m-col\": \"1\"\n            },\n            \"content\": [\n                {\n                    \"block\": \"history\"\n                }\n            ]\n        },\n        {\n            \"block\": \"grid\",\n            \"elem\": \"fraction\",\n            \"elemMods\": {\n                \"m-col\": \"1\"\n            },\n            \"content\": [\n                {\n                    \"block\": \"cover\"\n                }\n            ]\n        },\n        {\n            \"block\": \"grid\",\n            \"elem\": \"fraction\",\n            \"elemMods\": {\n                \"m-col\": \"1\"\n            },\n            \"content\": [\n                {\n                    \"block\": \"collect\"\n                }\n            ]\n        },\n        {\n            \"block\": \"grid\",\n            \"elem\": \"fraction\",\n            \"elemMods\": {\n                \"m-col\": \"1\"\n            },\n            \"content\": [\n                {\n                    \"block\": \"articles\"\n                }\n            ]\n        },\n        {\n            \"block\": \"grid\",\n            \"elem\": \"fraction\",\n            \"elemMods\": {\n                \"m-col\": \"1\"\n            },\n            \"content\": [\n                {\n                    \"block\": \"subscribtion\"\n                }\n            ]\n        },\n        {\n            \"block\": \"grid\",\n            \"elem\": \"fraction\",\n            \"elemMods\": {\n                \"m-col\": \"1\"\n            },\n            \"content\": [\n                {\n                    \"block\": \"event\"\n                }\n            ]\n        },\n        {\n            \"block\": \"grid\",\n            \"elem\": \"fraction\",\n            \"elemMods\": {\n                \"m-col\": \"2\"\n            },\n            \"content\": [\n                {\n                    \"block\": \"commercial\"\n                }\n            ]\n        }\n    ]\n }`;\nconst result = lint(inputJson);\nexpect(result).to.be.an('array').that.is.empty;",
                  "err": {},
                  "uuid": "38d8afe0-735e-443f-b525-e853f670f5d6",
                  "parentUUID": "3c86a280-6040-4a66-b870-4ee972127c8e",
                  "isHook": false,
                  "skipped": false
                }
              ],
              "suites": [],
              "passes": [
                "54683e07-4e2b-4423-bcee-3f3361b9b6b7",
                "38d8afe0-735e-443f-b525-e853f670f5d6"
              ],
              "failures": [],
              "pending": [],
              "skipped": [],
              "duration": 5,
              "root": false,
              "rootEmpty": false,
              "_timeout": 2000
            }
          ],
          "passes": [],
          "failures": [],
          "pending": [],
          "skipped": [],
          "duration": 0,
          "root": false,
          "rootEmpty": false,
          "_timeout": 2000
        },
        {
          "uuid": "70d1a693-9459-4f8e-a9b7-272ad8647223",
          "title": "TEXT.INVALID_H2_POSITION",
          "fullFile": "C:\\Users\\kar\\Documents\\Web\\shri\\2020\\moscow\\february\\task2\\stub\\test\\test-text-position-h2.js",
          "file": "\\test\\test-text-position-h2.js",
          "beforeHooks": [],
          "afterHooks": [],
          "tests": [],
          "suites": [
            {
              "uuid": "745443a9-52f5-415b-8011-ccbe36bcfce7",
              "title": "INVALID",
              "fullFile": "C:\\Users\\kar\\Documents\\Web\\shri\\2020\\moscow\\february\\task2\\stub\\test\\test-text-position-h2.js",
              "file": "\\test\\test-text-position-h2.js",
              "beforeHooks": [],
              "afterHooks": [],
              "tests": [
                {
                  "title": "Input array as in example",
                  "fullTitle": "TEXT.INVALID_H2_POSITION INVALID Input array as in example",
                  "timedOut": false,
                  "duration": 1,
                  "state": "passed",
                  "speed": "fast",
                  "pass": true,
                  "fail": false,
                  "pending": false,
                  "context": null,
                  "code": "const inputJson = `[\n    {\n        \"block\": \"text\",\n        \"mods\": { \"type\": \"h2\" }\n    },\n    {\n        \"block\": \"text\",\n        \"mods\": { \"type\": \"h1\" }\n    }\n]`;\nconst result = lint(inputJson);\nexpect(result).to.be.an('array').that.is.deep.equal([\n    {\n        \"code\": \"TEXT.INVALID_H2_POSITION\",\n        \"error\": \"Заголовок второго уровня не может находиться перед заголовком первого уровня на том же или более глубоком уровне вложенности\",\n        \"location\": {\n            \"start\": { \"column\": 17, \"line\": 2 },\n            \"end\": { \"column\": 18, \"line\": 5 }\n        }\n    }\n]);",
                  "err": {},
                  "uuid": "3d29c97a-3572-4a9f-bfac-e7cb3d794176",
                  "parentUUID": "745443a9-52f5-415b-8011-ccbe36bcfce7",
                  "isHook": false,
                  "skipped": false
                },
                {
                  "title": "h2 before h1",
                  "fullTitle": "TEXT.INVALID_H2_POSITION INVALID h2 before h1",
                  "timedOut": false,
                  "duration": 1,
                  "state": "passed",
                  "speed": "fast",
                  "pass": true,
                  "fail": false,
                  "pending": false,
                  "context": null,
                  "code": "const inputJson = `{\n    \"block\": \"page\",\n    \"content\": [\n        { \"block\": \"text\", \"mods\": { \"type\": \"h2\" } },\n        { \"block\": \"text\", \"mods\": { \"type\": \"h1\" } }\n    ]\n}`;\nconst result = lint(inputJson);\nexpect(result).to.be.an('array').that.is.deep.equal([\n    {\n        \"code\": \"TEXT.INVALID_H2_POSITION\",\n        \"error\": \"Заголовок второго уровня не может находиться перед заголовком первого уровня на том же или более глубоком уровне вложенности\",\n        \"location\": {\n            \"start\": { \"column\": 21, \"line\": 4 },\n            \"end\": { \"column\": 66, \"line\": 4 }\n        }\n    }\n]);",
                  "err": {},
                  "uuid": "54e189cd-b0db-4731-9a77-2e68ce419d12",
                  "parentUUID": "745443a9-52f5-415b-8011-ccbe36bcfce7",
                  "isHook": false,
                  "skipped": false
                },
                {
                  "title": "h2 before internal nested h1",
                  "fullTitle": "TEXT.INVALID_H2_POSITION INVALID h2 before internal nested h1",
                  "timedOut": false,
                  "duration": 0,
                  "state": "passed",
                  "speed": "fast",
                  "pass": true,
                  "fail": false,
                  "pending": false,
                  "context": null,
                  "code": "const inputJson = `{\n    \"block\": \"page\",\n    \"content\": [\n        {\n            \"block\": \"text\",\n            \"mods\": { \"type\": \"h2\" },\n            \"content\": [\n                { \"block\": \"text\", \"mods\": { \"type\": \"h1\" } }\n            ]\n        }            \n    ]\n}`;\nconst result = lint(inputJson);\nexpect(result).to.be.an('array').that.is.deep.equal([\n    {\n        \"code\": \"TEXT.INVALID_H2_POSITION\",\n        \"error\": \"Заголовок второго уровня не может находиться перед заголовком первого уровня на том же или более глубоком уровне вложенности\",\n        \"location\": {\n            \"start\": { \"column\": 21, \"line\": 4 },\n            \"end\": { \"column\": 22, \"line\": 10 }\n        }\n    }\n]);",
                  "err": {},
                  "uuid": "affb3130-cca1-4aa7-8f48-6e3ca2b1deae",
                  "parentUUID": "745443a9-52f5-415b-8011-ccbe36bcfce7",
                  "isHook": false,
                  "skipped": false
                }
              ],
              "suites": [],
              "passes": [
                "3d29c97a-3572-4a9f-bfac-e7cb3d794176",
                "54e189cd-b0db-4731-9a77-2e68ce419d12",
                "affb3130-cca1-4aa7-8f48-6e3ca2b1deae"
              ],
              "failures": [],
              "pending": [],
              "skipped": [],
              "duration": 2,
              "root": false,
              "rootEmpty": false,
              "_timeout": 2000
            },
            {
              "uuid": "311210ac-b634-4ab3-b2ba-77bd64c58ee6",
              "title": "VALID",
              "fullFile": "C:\\Users\\kar\\Documents\\Web\\shri\\2020\\moscow\\february\\task2\\stub\\test\\test-text-position-h2.js",
              "file": "\\test\\test-text-position-h2.js",
              "beforeHooks": [],
              "afterHooks": [],
              "tests": [
                {
                  "title": "Input array as in example",
                  "fullTitle": "TEXT.INVALID_H2_POSITION VALID Input array as in example",
                  "timedOut": false,
                  "duration": 0,
                  "state": "passed",
                  "speed": "fast",
                  "pass": true,
                  "fail": false,
                  "pending": false,
                  "context": null,
                  "code": "const inputJson = `[\n    {\n        \"block\": \"text\",\n        \"mods\": { \"type\": \"h1\" }\n    },\n    {\n        \"block\": \"text\",\n        \"mods\": { \"type\": \"h2\" }\n    }\n]`;\nconst result = lint(inputJson);\nexpect(result).to.be.an('array').that.is.empty;",
                  "err": {},
                  "uuid": "5f1cf7e4-78fb-4a6f-89b8-7793738f0e21",
                  "parentUUID": "311210ac-b634-4ab3-b2ba-77bd64c58ee6",
                  "isHook": false,
                  "skipped": false
                },
                {
                  "title": "h1 before h2",
                  "fullTitle": "TEXT.INVALID_H2_POSITION VALID h1 before h2",
                  "timedOut": false,
                  "duration": 0,
                  "state": "passed",
                  "speed": "fast",
                  "pass": true,
                  "fail": false,
                  "pending": false,
                  "context": null,
                  "code": "const inputJson = `{\n    \"block\": \"page\",\n    \"content\": [\n        { \"block\": \"text\", \"mods\": { \"type\": \"h1\" } },\n        { \"block\": \"text\", \"mods\": { \"type\": \"h2\" } }\n    ]\n}`;\nconst result = lint(inputJson);\nexpect(result).to.be.an('array').that.is.empty;",
                  "err": {},
                  "uuid": "801fb104-1413-4595-afbe-2156fa3e5184",
                  "parentUUID": "311210ac-b634-4ab3-b2ba-77bd64c58ee6",
                  "isHook": false,
                  "skipped": false
                },
                {
                  "title": "h1 before nested internal h2",
                  "fullTitle": "TEXT.INVALID_H2_POSITION VALID h1 before nested internal h2",
                  "timedOut": false,
                  "duration": 0,
                  "state": "passed",
                  "speed": "fast",
                  "pass": true,
                  "fail": false,
                  "pending": false,
                  "context": null,
                  "code": "const inputJson = `{\n    \"block\": \"page\",\n    \"content\": [\n        { \n            \"block\": \"text\", \n            \"mods\": { \"type\": \"h1\" },\n            \"content\": [\n                { \"block\": \"text\", \"mods\": { \"type\": \"h2\" } },\n                { \"block\": \"text\", \"mods\": { \"type\": \"h2\" } }\n            ]\n        }\n    ]\n}`;\nconst result = lint(inputJson);\nexpect(result).to.be.an('array').that.is.empty;",
                  "err": {},
                  "uuid": "f9e2549d-fe3d-430c-b273-bf8f83d10a6e",
                  "parentUUID": "311210ac-b634-4ab3-b2ba-77bd64c58ee6",
                  "isHook": false,
                  "skipped": false
                },
                {
                  "title": "h1 before nested h2",
                  "fullTitle": "TEXT.INVALID_H2_POSITION VALID h1 before nested h2",
                  "timedOut": false,
                  "duration": 0,
                  "state": "passed",
                  "speed": "fast",
                  "pass": true,
                  "fail": false,
                  "pending": false,
                  "context": null,
                  "code": "const inputJson = `{\n    \"block\": \"page\",\n    \"content\": [\n        { \n            \"block\": \"text\", \n            \"mods\": { \"type\": \"h1\" }\n        },\n        { \n            \"block\": \"card\", \n            \"content\": [\n                { \"block\": \"text\", \"mods\": { \"type\": \"h2\" } },\n                { \"block\": \"text\", \"mods\": { \"type\": \"h2\" } }\n            ]\n        }\n    ]\n}`;\nconst result = lint(inputJson);\nexpect(result).to.be.an('array').that.is.empty;",
                  "err": {},
                  "uuid": "c0a6055a-7d12-4000-b8b0-a3acc013f4f4",
                  "parentUUID": "311210ac-b634-4ab3-b2ba-77bd64c58ee6",
                  "isHook": false,
                  "skipped": false
                },
                {
                  "title": "h2 before nested internal h2",
                  "fullTitle": "TEXT.INVALID_H2_POSITION VALID h2 before nested internal h2",
                  "timedOut": false,
                  "duration": 1,
                  "state": "passed",
                  "speed": "fast",
                  "pass": true,
                  "fail": false,
                  "pending": false,
                  "context": null,
                  "code": "const inputJson = `{\n    \"block\": \"page\",\n    \"content\": [\n        { \n            \"block\": \"text\", \n            \"mods\": { \"type\": \"h2\" },\n            \"content\": [\n                { \"block\": \"text\", \"mods\": { \"type\": \"h2\" } },\n                { \"block\": \"text\", \"mods\": { \"type\": \"h2\" } }\n            ]\n        }\n    ]\n}`;\nconst result = lint(inputJson);\nexpect(result).to.be.an('array').that.is.empty;",
                  "err": {},
                  "uuid": "3280885c-b7bc-4f8b-b5a6-fa895db47f62",
                  "parentUUID": "311210ac-b634-4ab3-b2ba-77bd64c58ee6",
                  "isHook": false,
                  "skipped": false
                },
                {
                  "title": "h2 before h1 but in other node",
                  "fullTitle": "TEXT.INVALID_H2_POSITION VALID h2 before h1 but in other node",
                  "timedOut": false,
                  "duration": 0,
                  "state": "passed",
                  "speed": "fast",
                  "pass": true,
                  "fail": false,
                  "pending": false,
                  "context": null,
                  "code": "const inputJson = `{\n    \"block\": \"page\",\n    \"content\": [\n        {\n            \"block\": \"card\",\n            \"content\": {\n                \"block\": \"form\",\n                \"content\": \n                    { \"block\": \"text\", \"mods\": { \"type\": \"h2\" } }\n            }\n        },\n        { \"block\": \"text\", \"mods\": { \"type\": \"h1\" } }\n    ]\n}`;\nconst result = lint(inputJson);\nexpect(result).to.be.an('array').that.is.empty;",
                  "err": {},
                  "uuid": "00b8c195-0bec-4801-9b40-c798367bf811",
                  "parentUUID": "311210ac-b634-4ab3-b2ba-77bd64c58ee6",
                  "isHook": false,
                  "skipped": false
                }
              ],
              "suites": [],
              "passes": [
                "5f1cf7e4-78fb-4a6f-89b8-7793738f0e21",
                "801fb104-1413-4595-afbe-2156fa3e5184",
                "f9e2549d-fe3d-430c-b273-bf8f83d10a6e",
                "c0a6055a-7d12-4000-b8b0-a3acc013f4f4",
                "3280885c-b7bc-4f8b-b5a6-fa895db47f62",
                "00b8c195-0bec-4801-9b40-c798367bf811"
              ],
              "failures": [],
              "pending": [],
              "skipped": [],
              "duration": 1,
              "root": false,
              "rootEmpty": false,
              "_timeout": 2000
            }
          ],
          "passes": [],
          "failures": [],
          "pending": [],
          "skipped": [],
          "duration": 0,
          "root": false,
          "rootEmpty": false,
          "_timeout": 2000
        },
        {
          "uuid": "494721b8-95c4-4bfe-bac2-ba5f4d36fc3a",
          "title": "TEXT.INVALID_H3_POSITION",
          "fullFile": "C:\\Users\\kar\\Documents\\Web\\shri\\2020\\moscow\\february\\task2\\stub\\test\\test-text-position-h3.js",
          "file": "\\test\\test-text-position-h3.js",
          "beforeHooks": [],
          "afterHooks": [],
          "tests": [],
          "suites": [
            {
              "uuid": "37207d68-2a27-4ed3-8884-18592f926715",
              "title": "INVALID",
              "fullFile": "C:\\Users\\kar\\Documents\\Web\\shri\\2020\\moscow\\february\\task2\\stub\\test\\test-text-position-h3.js",
              "file": "\\test\\test-text-position-h3.js",
              "beforeHooks": [],
              "afterHooks": [],
              "tests": [
                {
                  "title": "Input array as in example",
                  "fullTitle": "TEXT.INVALID_H3_POSITION INVALID Input array as in example",
                  "timedOut": false,
                  "duration": 1,
                  "state": "passed",
                  "speed": "fast",
                  "pass": true,
                  "fail": false,
                  "pending": false,
                  "context": null,
                  "code": "const inputJson = `[\n    {\n        \"block\": \"text\",\n        \"mods\": { \"type\": \"h3\" }\n    },\n    {\n        \"block\": \"text\",\n        \"mods\": { \"type\": \"h2\" }\n    }\n]`;\nconst result = lint(inputJson);\nexpect(result).to.be.an('array').that.is.deep.equal([\n    {\n        \"code\": \"TEXT.INVALID_H3_POSITION\",\n        \"error\": \"Заголовок третьего уровня не может находиться перед заголовком второго уровня на том же или более глубоком уровне вложенности\",\n        \"location\": {\n            \"start\": { \"column\": 17, \"line\": 2 },\n            \"end\": { \"column\": 18, \"line\": 5 }\n        }\n    }\n]);",
                  "err": {},
                  "uuid": "cf030331-b787-44f0-9246-df1a29f43446",
                  "parentUUID": "37207d68-2a27-4ed3-8884-18592f926715",
                  "isHook": false,
                  "skipped": false
                },
                {
                  "title": "h3 before h2",
                  "fullTitle": "TEXT.INVALID_H3_POSITION INVALID h3 before h2",
                  "timedOut": false,
                  "duration": 0,
                  "state": "passed",
                  "speed": "fast",
                  "pass": true,
                  "fail": false,
                  "pending": false,
                  "context": null,
                  "code": "const inputJson = `{\n    \"block\": \"page\",\n    \"content\": [\n        { \"block\": \"text\", \"mods\": { \"type\": \"h3\" } },\n        { \"block\": \"text\", \"mods\": { \"type\": \"h2\" } }\n    ]\n}`;\nconst result = lint(inputJson);\nexpect(result).to.be.an('array').that.is.deep.equal([\n    {\n        \"code\": \"TEXT.INVALID_H3_POSITION\",\n        \"error\": \"Заголовок третьего уровня не может находиться перед заголовком второго уровня на том же или более глубоком уровне вложенности\",\n        \"location\": {\n            \"start\": { \"column\": 21, \"line\": 4 },\n            \"end\": { \"column\": 66, \"line\": 4 }\n        }\n    }\n]);",
                  "err": {},
                  "uuid": "cce89a81-7005-412c-a72e-30d06259dbf2",
                  "parentUUID": "37207d68-2a27-4ed3-8884-18592f926715",
                  "isHook": false,
                  "skipped": false
                }
              ],
              "suites": [],
              "passes": [
                "cf030331-b787-44f0-9246-df1a29f43446",
                "cce89a81-7005-412c-a72e-30d06259dbf2"
              ],
              "failures": [],
              "pending": [],
              "skipped": [],
              "duration": 1,
              "root": false,
              "rootEmpty": false,
              "_timeout": 2000
            },
            {
              "uuid": "8f227ed6-6dce-4179-b8e1-83c48e4ac9d8",
              "title": "VALID",
              "fullFile": "C:\\Users\\kar\\Documents\\Web\\shri\\2020\\moscow\\february\\task2\\stub\\test\\test-text-position-h3.js",
              "file": "\\test\\test-text-position-h3.js",
              "beforeHooks": [],
              "afterHooks": [],
              "tests": [
                {
                  "title": "Input array as in example",
                  "fullTitle": "TEXT.INVALID_H3_POSITION VALID Input array as in example",
                  "timedOut": false,
                  "duration": 0,
                  "state": "passed",
                  "speed": "fast",
                  "pass": true,
                  "fail": false,
                  "pending": false,
                  "context": null,
                  "code": "const inputJson = `[\n    {\n        \"block\": \"text\",\n        \"mods\": { \"type\": \"h2\" }\n    },\n    {\n        \"block\": \"text\",\n        \"mods\": { \"type\": \"h3\" }\n    }\n]`;\nconst result = lint(inputJson);\nexpect(result).to.be.an('array').that.is.empty;",
                  "err": {},
                  "uuid": "853c8841-066d-4c25-9660-da835fec0ae2",
                  "parentUUID": "8f227ed6-6dce-4179-b8e1-83c48e4ac9d8",
                  "isHook": false,
                  "skipped": false
                },
                {
                  "title": "h2 before h3",
                  "fullTitle": "TEXT.INVALID_H3_POSITION VALID h2 before h3",
                  "timedOut": false,
                  "duration": 1,
                  "state": "passed",
                  "speed": "fast",
                  "pass": true,
                  "fail": false,
                  "pending": false,
                  "context": null,
                  "code": "const inputJson = `{\n    \"block\": \"page\",\n    \"content\": [\n        { \"block\": \"text\", \"mods\": { \"type\": \"h2\" } },\n        { \"block\": \"text\", \"mods\": { \"type\": \"h3\" } }\n    ]\n}`;\nconst result = lint(inputJson);\nexpect(result).to.be.an('array').that.is.empty;",
                  "err": {},
                  "uuid": "4952d22a-873c-40cd-8182-a186ff8c9bb2",
                  "parentUUID": "8f227ed6-6dce-4179-b8e1-83c48e4ac9d8",
                  "isHook": false,
                  "skipped": false
                },
                {
                  "title": "h2 before nested h3",
                  "fullTitle": "TEXT.INVALID_H3_POSITION VALID h2 before nested h3",
                  "timedOut": false,
                  "duration": 0,
                  "state": "passed",
                  "speed": "fast",
                  "pass": true,
                  "fail": false,
                  "pending": false,
                  "context": null,
                  "code": "const inputJson = `{\n    \"block\": \"page\",\n    \"content\": [\n        { \n            \"block\": \"text\", \n            \"mods\": { \"type\": \"h2\" },\n            \"content\": [\n                { \"block\": \"text\", \"mods\": { \"type\": \"h2\" } }        \n            ]\n        },\n        { \"block\": \"text\", \"mods\": { \"type\": \"h3\" } }\n    ]\n}`;\nconst result = lint(inputJson);\nexpect(result).to.be.an('array').that.is.empty;",
                  "err": {},
                  "uuid": "6177dca6-faed-4411-adcb-f59de3cbd0e3",
                  "parentUUID": "8f227ed6-6dce-4179-b8e1-83c48e4ac9d8",
                  "isHook": false,
                  "skipped": false
                },
                {
                  "title": "h2 before nested internal h3",
                  "fullTitle": "TEXT.INVALID_H3_POSITION VALID h2 before nested internal h3",
                  "timedOut": false,
                  "duration": 0,
                  "state": "passed",
                  "speed": "fast",
                  "pass": true,
                  "fail": false,
                  "pending": false,
                  "context": null,
                  "code": "const inputJson = `{\n    \"block\": \"page\",\n    \"content\": [\n        { \n            \"block\": \"text\", \n            \"mods\": { \"type\": \"h2\" },\n            \"content\": [\n                { \"block\": \"text\", \"mods\": { \"type\": \"h3\" } }        \n            ]\n        }\n    ]\n}`;\nconst result = lint(inputJson);\nexpect(result).to.be.an('array').that.is.empty;",
                  "err": {},
                  "uuid": "428db25d-5745-453e-a9d1-75a18f5ed923",
                  "parentUUID": "8f227ed6-6dce-4179-b8e1-83c48e4ac9d8",
                  "isHook": false,
                  "skipped": false
                },
                {
                  "title": "h3 before h2 but on other node",
                  "fullTitle": "TEXT.INVALID_H3_POSITION VALID h3 before h2 but on other node",
                  "timedOut": false,
                  "duration": 0,
                  "state": "passed",
                  "speed": "fast",
                  "pass": true,
                  "fail": false,
                  "pending": false,
                  "context": null,
                  "code": "const inputJson = `{\n    \"block\": \"page\",\n    \"content\": [\n        { \n            \"block\": \"card\",\n            \"content\": [\n                { \"block\": \"text\", \"mods\": { \"type\": \"h3\" } }        \n            ] \n        },\n        { \"block\": \"text\", \"mods\": { \"type\": \"h2\" } }\n    ]\n}`;\nconst result = lint(inputJson);\nexpect(result).to.be.an('array').that.is.empty;",
                  "err": {},
                  "uuid": "40694963-9bdf-4cf9-9a5f-aab7d1a3644d",
                  "parentUUID": "8f227ed6-6dce-4179-b8e1-83c48e4ac9d8",
                  "isHook": false,
                  "skipped": false
                },
                {
                  "title": "Test nested h3 before h2 but in deeper level",
                  "fullTitle": "TEXT.INVALID_H3_POSITION VALID Test nested h3 before h2 but in deeper level",
                  "timedOut": false,
                  "duration": 0,
                  "state": "passed",
                  "speed": "fast",
                  "pass": true,
                  "fail": false,
                  "pending": false,
                  "context": null,
                  "code": "const inputJson = `[\n    {\n        \"block\": \"text\",\n        \"mods\": { \"type\": \"p\" },\n        \"content\": [\n            {\n                \"block\": \"text\",\n                \"mods\": { \"type\": \"h2\" }\n            },\n            {\n                \"block\": \"text\",\n                \"mods\": { \"type\": \"h3\" }\n            }\n        ]\n    },\n    {\n        \"block\": \"text\",\n        \"mods\": { \"type\": \"p\" },\n        \"content\": [\n            {\n                \"block\": \"text\",\n                \"mods\": { \"type\": \"h2\" }\n            },\n            {\n                \"block\": \"text\",\n                \"mods\": { \"type\": \"h2\" }\n            }\n        ]\n    }\n]`;\nconst result = lint(inputJson);\nexpect(result).to.be.an('array').that.is.empty;",
                  "err": {},
                  "uuid": "22af7e14-d44b-4a68-a5ae-2a0ffaed2067",
                  "parentUUID": "8f227ed6-6dce-4179-b8e1-83c48e4ac9d8",
                  "isHook": false,
                  "skipped": false
                }
              ],
              "suites": [],
              "passes": [
                "853c8841-066d-4c25-9660-da835fec0ae2",
                "4952d22a-873c-40cd-8182-a186ff8c9bb2",
                "6177dca6-faed-4411-adcb-f59de3cbd0e3",
                "428db25d-5745-453e-a9d1-75a18f5ed923",
                "40694963-9bdf-4cf9-9a5f-aab7d1a3644d",
                "22af7e14-d44b-4a68-a5ae-2a0ffaed2067"
              ],
              "failures": [],
              "pending": [],
              "skipped": [],
              "duration": 1,
              "root": false,
              "rootEmpty": false,
              "_timeout": 2000
            }
          ],
          "passes": [],
          "failures": [],
          "pending": [],
          "skipped": [],
          "duration": 0,
          "root": false,
          "rootEmpty": false,
          "_timeout": 2000
        },
        {
          "uuid": "2fcd3cf4-46a4-4159-b831-6f2b3532b568",
          "title": "TEXT.SEVERAL_H1",
          "fullFile": "C:\\Users\\kar\\Documents\\Web\\shri\\2020\\moscow\\february\\task2\\stub\\test\\test-text-several-h1.js",
          "file": "\\test\\test-text-several-h1.js",
          "beforeHooks": [],
          "afterHooks": [],
          "tests": [],
          "suites": [
            {
              "uuid": "d480e26e-0f99-44ee-b5d0-c3e897d86f75",
              "title": "INVALID",
              "fullFile": "C:\\Users\\kar\\Documents\\Web\\shri\\2020\\moscow\\february\\task2\\stub\\test\\test-text-several-h1.js",
              "file": "\\test\\test-text-several-h1.js",
              "beforeHooks": [],
              "afterHooks": [],
              "tests": [
                {
                  "title": "Input array as in example",
                  "fullTitle": "TEXT.SEVERAL_H1 INVALID Input array as in example",
                  "timedOut": false,
                  "duration": 1,
                  "state": "passed",
                  "speed": "fast",
                  "pass": true,
                  "fail": false,
                  "pending": false,
                  "context": null,
                  "code": "const inputJson = `[\n    {\n        \"block\": \"text\",\n        \"mods\": { \"type\": \"h1\" }\n    },\n    {\n        \"block\": \"text\",\n        \"mods\": { \"type\": \"h1\" }\n    },\n    {\n        \"block\": \"text\",\n        \"mods\": { \"type\": \"h1\" }\n    }\n]`;\nconst result = lint(inputJson);\nexpect(result).to.be.an('array').that.is.deep.equal([\n    {\n        \"code\": \"TEXT.SEVERAL_H1\",\n        \"error\": \"Заголовок первого уровня должен быть единственным на странице\",\n        \"location\": {\n            \"start\": { \"column\": 17, \"line\": 6 },\n            \"end\": { \"column\": 18, \"line\": 9 }\n        }\n    },\n    {\n        \"code\": \"TEXT.SEVERAL_H1\",\n        \"error\": \"Заголовок первого уровня должен быть единственным на странице\",\n        \"location\": {\n            \"start\": { \"column\": 17, \"line\": 10 },\n            \"end\": { \"column\": 18, \"line\": 13 }\n        }\n    }\n]);",
                  "err": {},
                  "uuid": "e0c27597-829f-4de4-9ec6-6c25410c48ce",
                  "parentUUID": "d480e26e-0f99-44ee-b5d0-c3e897d86f75",
                  "isHook": false,
                  "skipped": false
                },
                {
                  "title": "2 sequential h1",
                  "fullTitle": "TEXT.SEVERAL_H1 INVALID 2 sequential h1",
                  "timedOut": false,
                  "duration": 1,
                  "state": "passed",
                  "speed": "fast",
                  "pass": true,
                  "fail": false,
                  "pending": false,
                  "context": null,
                  "code": "const inputJson = `{\n    \"block\": \"page\",\n    \"content\": [\n        { \"block\": \"text\", \"mods\": { \"type\": \"h1\" } },\n        { \"block\": \"text\", \"mods\": { \"type\": \"h1\" } }\n    ]\n}`;\nconst result = lint(inputJson);\nexpect(result).to.be.an('array').that.is.deep.equal([\n    {\n        \"code\": \"TEXT.SEVERAL_H1\",\n        \"error\": \"Заголовок первого уровня должен быть единственным на странице\",\n        \"location\": {\n            \"start\": { \"column\": 21, \"line\": 5 },\n            \"end\": { \"column\": 66, \"line\": 5 }\n        }\n    }\n]);",
                  "err": {},
                  "uuid": "b7d8807d-0cbe-4728-bd63-ec6d5ecd60f3",
                  "parentUUID": "d480e26e-0f99-44ee-b5d0-c3e897d86f75",
                  "isHook": false,
                  "skipped": false
                },
                {
                  "title": "h1 on different levels",
                  "fullTitle": "TEXT.SEVERAL_H1 INVALID h1 on different levels",
                  "timedOut": false,
                  "duration": 0,
                  "state": "passed",
                  "speed": "fast",
                  "pass": true,
                  "fail": false,
                  "pending": false,
                  "context": null,
                  "code": "const inputJson = `{\n    \"block\": \"page\",\n    \"content\": [\n        { \"block\": \"text\", \"mods\": { \"type\": \"h1\" } },\n        {\n            \"block\": \"card\",\n            \"content\": [\n                {\n                    \"block\": \"form\",\n                    \"content\": [\n                        { \"block\": \"text\", \"mods\": { \"type\": \"h1\" } }\n                    ]\n                }\n            ]\n        }\n        \n    ]\n}`;\nconst result = lint(inputJson);\nexpect(result).to.be.an('array').that.is.deep.equal([\n    {\n        \"code\": \"TEXT.SEVERAL_H1\",\n        \"error\": \"Заголовок первого уровня должен быть единственным на странице\",\n        \"location\": {\n            \"start\": { \"column\": 37, \"line\": 11 },\n            \"end\": { \"column\": 82, \"line\": 11 }\n        }\n    }\n]);",
                  "err": {},
                  "uuid": "039b993e-45d5-4b05-a758-774b5209d293",
                  "parentUUID": "d480e26e-0f99-44ee-b5d0-c3e897d86f75",
                  "isHook": false,
                  "skipped": false
                },
                {
                  "title": "2 nested h1",
                  "fullTitle": "TEXT.SEVERAL_H1 INVALID 2 nested h1",
                  "timedOut": false,
                  "duration": 0,
                  "state": "passed",
                  "speed": "fast",
                  "pass": true,
                  "fail": false,
                  "pending": false,
                  "context": null,
                  "code": "const inputJson = `{\n    \"block\": \"page\",\n    \"content\": [\n        {\n            \"block\": \"card\",\n            \"content\": [\n                {\n                    \"block\": \"form\",\n                    \"content\": [\n                        { \"block\": \"text\", \"mods\": { \"type\": \"h1\" } }\n                    ]\n                }\n            ]\n        },\n        {\n            \"block\": \"card\",\n            \"content\": \n                { \"block\": \"text\", \"mods\": { \"type\": \"h1\" } }\n        }\n    ]\n}`;\nconst result = lint(inputJson);\nexpect(result).to.be.an('array').that.is.deep.equal([\n    {\n        \"code\": \"TEXT.SEVERAL_H1\",\n        \"error\": \"Заголовок первого уровня должен быть единственным на странице\",\n        \"location\": {\n            \"start\": { \"column\": 29, \"line\": 18 },\n            \"end\": { \"column\": 74, \"line\": 18 }\n        }\n    }\n]);",
                  "err": {},
                  "uuid": "3cc578ea-fd35-4ff4-a716-fd946c1b357f",
                  "parentUUID": "d480e26e-0f99-44ee-b5d0-c3e897d86f75",
                  "isHook": false,
                  "skipped": false
                },
                {
                  "title": "Internal nested h1",
                  "fullTitle": "TEXT.SEVERAL_H1 INVALID Internal nested h1",
                  "timedOut": false,
                  "duration": 1,
                  "state": "passed",
                  "speed": "fast",
                  "pass": true,
                  "fail": false,
                  "pending": false,
                  "context": null,
                  "code": "const inputJson = `{\n    \"block\": \"text\",\n    \"content\": [\n        {\n            \"block\": \"text\",\n            \"mods\": { \"type\": \"h1\" },\n            \"content\": \n                { \"block\": \"text\", \"mods\": { \"type\": \"h1\" } }\n        }\n    ]\n}`;\nconst result = lint(inputJson);\nexpect(result).to.be.an('array').that.is.deep.equal([\n    {\n        \"code\": \"TEXT.SEVERAL_H1\",\n        \"error\": \"Заголовок первого уровня должен быть единственным на странице\",\n        \"location\": {\n            \"start\": { \"column\": 29, \"line\": 8 },\n            \"end\": { \"column\": 74, \"line\": 8 }\n        }\n    }\n]);",
                  "err": {},
                  "uuid": "739d0a17-6fd0-4f23-83aa-48647a70e620",
                  "parentUUID": "d480e26e-0f99-44ee-b5d0-c3e897d86f75",
                  "isHook": false,
                  "skipped": false
                }
              ],
              "suites": [],
              "passes": [
                "e0c27597-829f-4de4-9ec6-6c25410c48ce",
                "b7d8807d-0cbe-4728-bd63-ec6d5ecd60f3",
                "039b993e-45d5-4b05-a758-774b5209d293",
                "3cc578ea-fd35-4ff4-a716-fd946c1b357f",
                "739d0a17-6fd0-4f23-83aa-48647a70e620"
              ],
              "failures": [],
              "pending": [],
              "skipped": [],
              "duration": 3,
              "root": false,
              "rootEmpty": false,
              "_timeout": 2000
            },
            {
              "uuid": "6e43a086-c102-4e24-9b15-1cb61479a609",
              "title": "VALID",
              "fullFile": "C:\\Users\\kar\\Documents\\Web\\shri\\2020\\moscow\\february\\task2\\stub\\test\\test-text-several-h1.js",
              "file": "\\test\\test-text-several-h1.js",
              "beforeHooks": [],
              "afterHooks": [],
              "tests": [
                {
                  "title": "Input array as in example",
                  "fullTitle": "TEXT.SEVERAL_H1 VALID Input array as in example",
                  "timedOut": false,
                  "duration": 0,
                  "state": "passed",
                  "speed": "fast",
                  "pass": true,
                  "fail": false,
                  "pending": false,
                  "context": null,
                  "code": "const inputJson = `[\n    {\n        \"block\": \"text\",\n        \"mods\": { \"type\": \"h1\" }\n    }\n]`;\nconst result = lint(inputJson);\nexpect(result).to.be.an('array').that.is.empty;",
                  "err": {},
                  "uuid": "5f39ff13-50d9-416d-93bd-249f3e5867ac",
                  "parentUUID": "6e43a086-c102-4e24-9b15-1cb61479a609",
                  "isHook": false,
                  "skipped": false
                },
                {
                  "title": "no sequential h1",
                  "fullTitle": "TEXT.SEVERAL_H1 VALID no sequential h1",
                  "timedOut": false,
                  "duration": 1,
                  "state": "passed",
                  "speed": "fast",
                  "pass": true,
                  "fail": false,
                  "pending": false,
                  "context": null,
                  "code": "const inputJson = `{\n    \"block\": \"page\",\n    \"content\": [\n        { \"block\": \"text\" },\n        { \"block\": \"text\", \"mods\": { \"type\": \"h1\" } },\n        { \"block\": \"text\", \"mods\": { \"type\": \"h4\" } }\n    ]\n}`;\nconst result = lint(inputJson);\nexpect(result).to.be.an('array').that.is.empty;",
                  "err": {},
                  "uuid": "91faac75-f276-440a-adb3-c90f48da2e4a",
                  "parentUUID": "6e43a086-c102-4e24-9b15-1cb61479a609",
                  "isHook": false,
                  "skipped": false
                },
                {
                  "title": "Single h1 and nested h4",
                  "fullTitle": "TEXT.SEVERAL_H1 VALID Single h1 and nested h4",
                  "timedOut": false,
                  "duration": 0,
                  "state": "passed",
                  "speed": "fast",
                  "pass": true,
                  "fail": false,
                  "pending": false,
                  "context": null,
                  "code": "const inputJson = `{\n    \"block\": \"page\",\n    \"content\": [\n        { \"block\": \"text\", \"mods\": { \"type\": \"h1\" } },\n        {\n            \"block\": \"card\",\n            \"content\": [\n                {\n                    \"block\": \"form\",\n                    \"content\": [\n                        { \"block\": \"text\", \"mods\": { \"type\": \"h4\" } }\n                    ]\n                }\n            ]\n        }\n        \n    ]\n}`;\nconst result = lint(inputJson);\nexpect(result).to.be.an('array').that.is.empty;",
                  "err": {},
                  "uuid": "d77c3a66-19e5-4efc-914f-226e41e27095",
                  "parentUUID": "6e43a086-c102-4e24-9b15-1cb61479a609",
                  "isHook": false,
                  "skipped": false
                },
                {
                  "title": "Single h4 and nested h1",
                  "fullTitle": "TEXT.SEVERAL_H1 VALID Single h4 and nested h1",
                  "timedOut": false,
                  "duration": 0,
                  "state": "passed",
                  "speed": "fast",
                  "pass": true,
                  "fail": false,
                  "pending": false,
                  "context": null,
                  "code": "const inputJson = `{\n    \"block\": \"page\",\n    \"content\": [\n        { \"block\": \"text\", \"mods\": { \"type\": \"h4\" } },\n        {\n            \"block\": \"card\",\n            \"content\": [\n                {\n                    \"block\": \"form\",\n                    \"content\": [\n                        { \"block\": \"text\", \"mods\": { \"type\": \"h1\" } }\n                    ]\n                }\n            ]\n        }\n        \n    ]\n}`;\nconst result = lint(inputJson);\nexpect(result).to.be.an('array').that.is.empty;",
                  "err": {},
                  "uuid": "57691bd0-f045-4e4f-9801-1a48c2ef736d",
                  "parentUUID": "6e43a086-c102-4e24-9b15-1cb61479a609",
                  "isHook": false,
                  "skipped": false
                }
              ],
              "suites": [],
              "passes": [
                "5f39ff13-50d9-416d-93bd-249f3e5867ac",
                "91faac75-f276-440a-adb3-c90f48da2e4a",
                "d77c3a66-19e5-4efc-914f-226e41e27095",
                "57691bd0-f045-4e4f-9801-1a48c2ef736d"
              ],
              "failures": [],
              "pending": [],
              "skipped": [],
              "duration": 1,
              "root": false,
              "rootEmpty": false,
              "_timeout": 2000
            }
          ],
          "passes": [],
          "failures": [],
          "pending": [],
          "skipped": [],
          "duration": 0,
          "root": false,
          "rootEmpty": false,
          "_timeout": 2000
        },
        {
          "uuid": "274b5903-4000-4b63-9832-82611671a737",
          "title": "WARNING.INVALID_BUTTON_POSITION",
          "fullFile": "C:\\Users\\kar\\Documents\\Web\\shri\\2020\\moscow\\february\\task2\\stub\\test\\test-warning-button-position.js",
          "file": "\\test\\test-warning-button-position.js",
          "beforeHooks": [],
          "afterHooks": [],
          "tests": [],
          "suites": [
            {
              "uuid": "e504de01-09b4-4c4c-97ee-6985941c84fa",
              "title": "INVALID",
              "fullFile": "C:\\Users\\kar\\Documents\\Web\\shri\\2020\\moscow\\february\\task2\\stub\\test\\test-warning-button-position.js",
              "file": "\\test\\test-warning-button-position.js",
              "beforeHooks": [],
              "afterHooks": [],
              "tests": [
                {
                  "title": "Button before placeholder on the same level",
                  "fullTitle": "WARNING.INVALID_BUTTON_POSITION INVALID Button before placeholder on the same level",
                  "timedOut": false,
                  "duration": 1,
                  "state": "passed",
                  "speed": "fast",
                  "pass": true,
                  "fail": false,
                  "pending": false,
                  "context": null,
                  "code": "const inputJson = `{\n              \"block\": \"warning\",\n              \"content\": [\n                  { \"block\": \"text\", \"mods\": { \"size\": \"s\" } },\n                  { \"block\": \"button\", \"mods\": { \"size\": \"m\" } },\n                  { \"block\": \"placeholder\", \"mods\": { \"size\": \"m\" } }\n              ]\n          }`;\n          const result = lint(inputJson);\n          expect(result).to.be.an('array').that.is.deep.equal([\n              {\n                  \"code\": \"WARNING.INVALID_BUTTON_POSITION\",\n                  \"error\": \"Блок button в блоке warning не может находиться перед блоком placeholder на том же или более глубоком уровне вложенности\",\n                  \"location\": {\n                      \"start\": { \"column\": 21, \"line\": 5 },\n                      \"end\": { \"column\": 67, \"line\": 5 }\n                  }\n              }\n          ]);",
                  "err": {},
                  "uuid": "ba0e4f84-4338-44e0-a6c8-69e268d9bbe1",
                  "parentUUID": "e504de01-09b4-4c4c-97ee-6985941c84fa",
                  "isHook": false,
                  "skipped": false
                },
                {
                  "title": "Button before placeholder on deeper level",
                  "fullTitle": "WARNING.INVALID_BUTTON_POSITION INVALID Button before placeholder on deeper level",
                  "timedOut": false,
                  "duration": 0,
                  "state": "passed",
                  "speed": "fast",
                  "pass": true,
                  "fail": false,
                  "pending": false,
                  "context": null,
                  "code": "const inputJson = `{\n              \"block\": \"warning\",\n              \"content\": [\n                  { \"block\": \"text\", \"mods\": { \"size\": \"s\" } },\n                  { \n                      \"block\": \"some-deeper-block\",\n                      \"content\": {\n                          \"block\": \"button\", \n                          \"mods\": { \"size\": \"m\" }\n                      }\n                  },\n                  { \n                      \"block\": \"placeholder\", \n                      \"mods\": { \"size\": \"m\" } \n                  }\n              ]\n          }`;\n          const result = lint(inputJson);\n          expect(result).to.be.an('array').that.is.deep.equal([\n              {\n                  \"code\": \"WARNING.INVALID_BUTTON_POSITION\",\n                  \"error\": \"Блок button в блоке warning не может находиться перед блоком placeholder на том же или более глубоком уровне вложенности\",\n                  \"location\": {\n                      \"start\": { \"column\": 36, \"line\": 7 },\n                      \"end\": { \"column\": 26, \"line\": 10 }\n                  }\n              }\n          ]);",
                  "err": {},
                  "uuid": "ad240631-82d9-4c93-a5e1-41dd77a8fedd",
                  "parentUUID": "e504de01-09b4-4c4c-97ee-6985941c84fa",
                  "isHook": false,
                  "skipped": false
                },
                {
                  "title": "2 buttons before placeholder, both on deeper levels",
                  "fullTitle": "WARNING.INVALID_BUTTON_POSITION INVALID 2 buttons before placeholder, both on deeper levels",
                  "timedOut": false,
                  "duration": 0,
                  "state": "passed",
                  "speed": "fast",
                  "pass": true,
                  "fail": false,
                  "pending": false,
                  "context": null,
                  "code": "const inputJson = `{\n              \"block\": \"warning\",\n              \"content\": [\n                  { \"block\": \"text\", \"mods\": { \"size\": \"s\" } },\n                  { \n                      \"block\": \"some-deeper-block\",\n                      \"content\": [\n                          { \"block\": \"button\", \"mods\": { \"size\": \"m\" } },\n                          { \"block\": \"button\", \"mods\": { \"size\": \"m\" } }\n                      ]\n                  },\n                  { \n                      \"block\": \"some-deeper-block\",\n                      \"content\": {\n                          \"block\": \"placeholder\", \n                          \"mods\": { \"size\": \"m\" }\n                      }\n                  }\n              ]\n          }`;\n          const result = lint(inputJson);\n          expect(result).to.be.an('array').that.is.deep.equal([\n              {\n                  \"code\": \"WARNING.INVALID_BUTTON_POSITION\",\n                  \"error\": \"Блок button в блоке warning не может находиться перед блоком placeholder на том же или более глубоком уровне вложенности\",\n                  \"location\": {\n                      \"start\": { \"column\": 29, \"line\": 8 },\n                      \"end\": { \"column\": 75, \"line\": 8 }\n                  }\n              },\n              {\n                  \"code\": \"WARNING.INVALID_BUTTON_POSITION\",\n                  \"error\": \"Блок button в блоке warning не может находиться перед блоком placeholder на том же или более глубоком уровне вложенности\",\n                  \"location\": {\n                      \"start\": { \"column\": 29, \"line\": 9 },\n                      \"end\": { \"column\": 75, \"line\": 9 }\n                  }\n              }\n          ]);",
                  "err": {},
                  "uuid": "8f2ec201-dcb1-482a-b4c9-562a60b770a9",
                  "parentUUID": "e504de01-09b4-4c4c-97ee-6985941c84fa",
                  "isHook": false,
                  "skipped": false
                },
                {
                  "title": "2 buttons before 2 placeholders",
                  "fullTitle": "WARNING.INVALID_BUTTON_POSITION INVALID 2 buttons before 2 placeholders",
                  "timedOut": false,
                  "duration": 2,
                  "state": "passed",
                  "speed": "fast",
                  "pass": true,
                  "fail": false,
                  "pending": false,
                  "context": null,
                  "code": "const inputJson = `{\n              \"block\": \"warning\",\n              \"content\": [\n                  { \"block\": \"text\", \"mods\": { \"size\": \"s\" } },\n                  { \n                      \"block\": \"some-deeper-block\",\n                      \"content\": [\n                          { \"block\": \"button\", \"mods\": { \"size\": \"m\" } }\n                      ]\n                  },\n                  { \n                      \"block\": \"some-deeper-block\",\n                      \"content\": {\n                          \"block\": \"placeholder\", \n                          \"mods\": { \"size\": \"m\" }\n                      }\n                  },\n                  { \"block\": \"button\", \"mods\": { \"size\": \"m\" } },\n                  { \n                      \"block\": \"some-deeper-block\",\n                      \"content\": {\n                          \"block\": \"placeholder\", \n                          \"mods\": { \"size\": \"m\" }\n                      }\n                  }\n              ]\n          }`;\n          const result = lint(inputJson);\n          expect(result).to.be.an('array').that.is.deep.equal([\n              {\n                  \"code\": \"WARNING.INVALID_BUTTON_POSITION\",\n                  \"error\": \"Блок button в блоке warning не может находиться перед блоком placeholder на том же или более глубоком уровне вложенности\",\n                  \"location\": {\n                      \"start\": { \"column\": 29, \"line\": 8 },\n                      \"end\": { \"column\": 75, \"line\": 8 }\n                  }\n              },\n              {\n                  \"code\": \"WARNING.INVALID_BUTTON_POSITION\",\n                  \"error\": \"Блок button в блоке warning не может находиться перед блоком placeholder на том же или более глубоком уровне вложенности\",\n                  \"location\": {\n                      \"start\": { \"column\": 21, \"line\": 18 },\n                      \"end\": { \"column\": 67, \"line\": 18 }\n                  }\n              }\n          ]);",
                  "err": {},
                  "uuid": "e762f72b-8c05-412a-9b8b-1aee7f453f5a",
                  "parentUUID": "e504de01-09b4-4c4c-97ee-6985941c84fa",
                  "isHook": false,
                  "skipped": false
                },
                {
                  "title": "Button before placeholder in one nested block",
                  "fullTitle": "WARNING.INVALID_BUTTON_POSITION INVALID Button before placeholder in one nested block",
                  "timedOut": false,
                  "duration": 1,
                  "state": "passed",
                  "speed": "fast",
                  "pass": true,
                  "fail": false,
                  "pending": false,
                  "context": null,
                  "code": "const inputJson = `{\n              \"block\": \"warning\",\n              \"content\": [\n                  { \"block\": \"text\", \"mods\": { \"size\": \"s\" } },\n                  { \n                      \"block\": \"button\",\n                      \"mods\": { \"size\": \"m\" },\n                      \"content\": [\n                          { \"block\": \"placeholder\", \"mods\": { \"size\": \"m\" } }\n                      ]\n                  }\n              ]\n          }`;\n          const result = lint(inputJson);\n          expect(result).to.be.an('array').that.is.deep.equal([\n              {\n                  \"code\": \"WARNING.INVALID_BUTTON_POSITION\",\n                  \"error\": \"Блок button в блоке warning не может находиться перед блоком placeholder на том же или более глубоком уровне вложенности\",\n                  \"location\": {\n                      \"start\": { \"column\": 21, \"line\": 5 },\n                      \"end\": { \"column\": 22, \"line\": 11 }\n                  }\n              }\n          ]);",
                  "err": {},
                  "uuid": "2aaf4e29-b39f-47cd-8593-25ab1a1a460e",
                  "parentUUID": "e504de01-09b4-4c4c-97ee-6985941c84fa",
                  "isHook": false,
                  "skipped": false
                },
                {
                  "title": "Button before placeholder in block__elem items",
                  "fullTitle": "WARNING.INVALID_BUTTON_POSITION INVALID Button before placeholder in block__elem items",
                  "timedOut": false,
                  "duration": 1,
                  "state": "passed",
                  "speed": "fast",
                  "pass": true,
                  "fail": false,
                  "pending": false,
                  "context": null,
                  "code": "const inputJson = `{\n              \"block\": \"warning\",\n              \"content\": [\n                  { \"block\": \"text\", \"mods\": { \"size\": \"s\" } },\n                  { \n                      \"block\": \"warning\",\n                      \"elem\": \"button-wrapper\",\n                      \"content\": [\n                          {\n                              \"block\": \"button\", \n                              \"mods\": { \"size\": \"m\" }\n                          }\n                      ]\n                  },\n                  {\n                      \"block\": \"warning\",\n                      \"elem\": \"content\",\n                      \"content\": [\n                          { \n                              \"block\": \"placeholder\", \n                              \"mods\": { \"size\": \"m\" } \n                          }         \n                      ]\n                  }\n              ]\n          }`;\n          const result = lint(inputJson);\n          expect(result).to.be.an('array').that.is.deep.equal([\n              {\n                  \"code\": \"WARNING.INVALID_BUTTON_POSITION\",\n                  \"error\": \"Блок button в блоке warning не может находиться перед блоком placeholder на том же или более глубоком уровне вложенности\",\n                  \"location\": {\n                      \"start\": { \"column\": 29, \"line\": 9 },\n                      \"end\": { \"column\": 30, \"line\": 12 }\n                  }\n              }\n          ]);",
                  "err": {},
                  "uuid": "c8897e4b-619a-4c27-8db9-63852dd53efb",
                  "parentUUID": "e504de01-09b4-4c4c-97ee-6985941c84fa",
                  "isHook": false,
                  "skipped": false
                }
              ],
              "suites": [],
              "passes": [
                "ba0e4f84-4338-44e0-a6c8-69e268d9bbe1",
                "ad240631-82d9-4c93-a5e1-41dd77a8fedd",
                "8f2ec201-dcb1-482a-b4c9-562a60b770a9",
                "e762f72b-8c05-412a-9b8b-1aee7f453f5a",
                "2aaf4e29-b39f-47cd-8593-25ab1a1a460e",
                "c8897e4b-619a-4c27-8db9-63852dd53efb"
              ],
              "failures": [],
              "pending": [],
              "skipped": [],
              "duration": 5,
              "root": false,
              "rootEmpty": false,
              "_timeout": 2000
            },
            {
              "uuid": "a4db5d24-dbc4-46b7-8c9c-aa89b7e71bc1",
              "title": "VALID",
              "fullFile": "C:\\Users\\kar\\Documents\\Web\\shri\\2020\\moscow\\february\\task2\\stub\\test\\test-warning-button-position.js",
              "file": "\\test\\test-warning-button-position.js",
              "beforeHooks": [],
              "afterHooks": [],
              "tests": [
                {
                  "title": "Placeholder and button on the same level",
                  "fullTitle": "WARNING.INVALID_BUTTON_POSITION VALID Placeholder and button on the same level",
                  "timedOut": false,
                  "duration": 0,
                  "state": "passed",
                  "speed": "fast",
                  "pass": true,
                  "fail": false,
                  "pending": false,
                  "context": null,
                  "code": "const inputJson = `{\n              \"block\": \"warning\",\n              \"content\": [\n                  { \"block\": \"text\", \"mods\": { \"size\": \"s\" } },\n                  { \"block\": \"placeholder\", \"mods\": { \"size\": \"m\" } },\n                  { \"block\": \"button\", \"mods\": { \"size\": \"m\" } }\n              ]\n          }`;\n          const result = lint(inputJson);\n          expect(result).to.be.an('array').that.is.empty;",
                  "err": {},
                  "uuid": "d84406fd-805d-4a9e-8cee-53c77b18ae21",
                  "parentUUID": "a4db5d24-dbc4-46b7-8c9c-aa89b7e71bc1",
                  "isHook": false,
                  "skipped": false
                },
                {
                  "title": "Button is on the deeper level",
                  "fullTitle": "WARNING.INVALID_BUTTON_POSITION VALID Button is on the deeper level",
                  "timedOut": false,
                  "duration": 1,
                  "state": "passed",
                  "speed": "fast",
                  "pass": true,
                  "fail": false,
                  "pending": false,
                  "context": null,
                  "code": "const inputJson = `{\n              \"block\": \"warning\",\n              \"content\": [\n                  { \"block\": \"text\", \"mods\": { \"size\": \"s\" } },\n                  { \"block\": \"placeholder\", \"mods\": { \"size\": \"m\" } },\n                  { \n                      \"block\": \"some-deeper-block\",\n                      \"content\": {\n                          \"block\": \"button\", \n                          \"mods\": { \"size\": \"m\" }\n                      }\n                  }\n              ]\n          }`;\n          const result = lint(inputJson);\n          expect(result).to.be.an('array').that.is.empty;",
                  "err": {},
                  "uuid": "e826414c-f103-4f00-a26a-d97cf8eebf21",
                  "parentUUID": "a4db5d24-dbc4-46b7-8c9c-aa89b7e71bc1",
                  "isHook": false,
                  "skipped": false
                },
                {
                  "title": "Placeholder is on the deeper level",
                  "fullTitle": "WARNING.INVALID_BUTTON_POSITION VALID Placeholder is on the deeper level",
                  "timedOut": false,
                  "duration": 0,
                  "state": "passed",
                  "speed": "fast",
                  "pass": true,
                  "fail": false,
                  "pending": false,
                  "context": null,
                  "code": "const inputJson = `{\n              \"block\": \"warning\",\n              \"content\": [\n                  { \"block\": \"text\", \"mods\": { \"size\": \"s\" } },\n                  { \n                      \"block\": \"some-deeper-block\",\n                      \"content\": [\n                          { \n                              \"block\": \"placeholder\", \n                              \"mods\": { \"size\": \"m\" } \n                          }\n                      ]\n                  },\n                  { \n                      \"block\": \"some-deeper-block\",\n                      \"content\": {\n                          \"block\": \"button\", \n                          \"mods\": { \"size\": \"m\" }\n                      }\n                  }\n              ]\n          }`;\n          const result = lint(inputJson);\n          expect(result).to.be.an('array').that.is.empty;",
                  "err": {},
                  "uuid": "d85f552f-4d92-4940-9d43-553fae0c6175",
                  "parentUUID": "a4db5d24-dbc4-46b7-8c9c-aa89b7e71bc1",
                  "isHook": false,
                  "skipped": false
                },
                {
                  "title": "Not warning block and placeholder under button",
                  "fullTitle": "WARNING.INVALID_BUTTON_POSITION VALID Not warning block and placeholder under button",
                  "timedOut": false,
                  "duration": 0,
                  "state": "passed",
                  "speed": "fast",
                  "pass": true,
                  "fail": false,
                  "pending": false,
                  "context": null,
                  "code": "const inputJson = `{\n              \"block\": \"not-a-warning-block\",\n              \"content\": [\n                  { \"block\": \"text\", \"mods\": { \"size\": \"s\" } },\n                  { \n                      \"block\": \"some-deeper-block\",\n                      \"content\": {\n                          \"block\": \"button\", \n                          \"mods\": { \"size\": \"m\" }\n                      }\n                  },\n                  { \n                      \"block\": \"some-deeper-block\",\n                      \"content\": [\n                          { \n                              \"block\": \"placeholder\", \n                              \"mods\": { \"size\": \"m\" } \n                          }\n                      ]\n                  }\n              ]\n          }`;\n          const result = lint(inputJson);\n          expect(result).to.be.an('array').that.is.empty;",
                  "err": {},
                  "uuid": "0410dff4-34c5-4793-a4cc-6b0ad2882a46",
                  "parentUUID": "a4db5d24-dbc4-46b7-8c9c-aa89b7e71bc1",
                  "isHook": false,
                  "skipped": false
                }
              ],
              "suites": [],
              "passes": [
                "d84406fd-805d-4a9e-8cee-53c77b18ae21",
                "e826414c-f103-4f00-a26a-d97cf8eebf21",
                "d85f552f-4d92-4940-9d43-553fae0c6175",
                "0410dff4-34c5-4793-a4cc-6b0ad2882a46"
              ],
              "failures": [],
              "pending": [],
              "skipped": [],
              "duration": 1,
              "root": false,
              "rootEmpty": false,
              "_timeout": 2000
            }
          ],
          "passes": [],
          "failures": [],
          "pending": [],
          "skipped": [],
          "duration": 0,
          "root": false,
          "rootEmpty": false,
          "_timeout": 2000
        },
        {
          "uuid": "2c40939c-4ce3-4831-954f-5694b55eb989",
          "title": "WARNING.INVALID_BUTTON_SIZE",
          "fullFile": "C:\\Users\\kar\\Documents\\Web\\shri\\2020\\moscow\\february\\task2\\stub\\test\\test-warning-button-sizes.js",
          "file": "\\test\\test-warning-button-sizes.js",
          "beforeHooks": [],
          "afterHooks": [],
          "tests": [],
          "suites": [
            {
              "uuid": "002bade8-3ee5-4803-9ac2-17181df652d5",
              "title": "INVALID",
              "fullFile": "C:\\Users\\kar\\Documents\\Web\\shri\\2020\\moscow\\february\\task2\\stub\\test\\test-warning-button-sizes.js",
              "file": "\\test\\test-warning-button-sizes.js",
              "beforeHooks": [],
              "afterHooks": [],
              "tests": [
                {
                  "title": "Invalid button sizes, equal or bigger than s",
                  "fullTitle": "WARNING.INVALID_BUTTON_SIZE INVALID Invalid button sizes, equal or bigger than s",
                  "timedOut": false,
                  "duration": 1,
                  "state": "passed",
                  "speed": "fast",
                  "pass": true,
                  "fail": false,
                  "pending": false,
                  "context": null,
                  "code": "const inputJson = `{\n              \"block\": \"warning\",\n              \"content\": [\n                  { \"block\": \"text\", \"mods\": { \"size\": \"xs\" } },\n                  { \"block\": \"button\", \"mods\": { \"size\": \"xs\" } },\n                  { \"block\": \"button\", \"mods\": { \"size\": \"m\" } },\n                  { \"block\": \"button\", \"mods\": { \"size\": \"l\" } },\n                  { \"block\": \"button\", \"mods\": { \"size\": \"xl\" } }\n              ]\n          }`;\n          const result = lint(inputJson);\n          expect(result).to.be.an('array').that.is.deep.equal([\n              {\n                  \"code\": \"WARNING.INVALID_BUTTON_SIZE\",\n                  \"error\": \"Размер кнопки блока warning должен быть на 1 шаг больше эталонного\",\n                  \"location\": {\n                      \"start\": { \"column\": 21, \"line\": 5 },\n                      \"end\": { \"column\": 68, \"line\": 5 }\n                  }\n              },\n              {\n                  \"code\": \"WARNING.INVALID_BUTTON_SIZE\",\n                  \"error\": \"Размер кнопки блока warning должен быть на 1 шаг больше эталонного\",\n                  \"location\": {\n                      \"start\": { \"column\": 21, \"line\": 6 },\n                      \"end\": { \"column\": 67, \"line\": 6 }\n                  }\n              },\n              {\n                  \"code\": \"WARNING.INVALID_BUTTON_SIZE\",\n                  \"error\": \"Размер кнопки блока warning должен быть на 1 шаг больше эталонного\",\n                  \"location\": {\n                      \"start\": { \"column\": 21, \"line\": 7 },\n                      \"end\": { \"column\": 67, \"line\": 7 }\n                  }\n              },\n              {\n                  \"code\": \"WARNING.INVALID_BUTTON_SIZE\",\n                  \"error\": \"Размер кнопки блока warning должен быть на 1 шаг больше эталонного\",\n                  \"location\": {\n                      \"start\": { \"column\": 21, \"line\": 8 },\n                      \"end\": { \"column\": 68, \"line\": 8 }\n                  }\n              }\n          ]);",
                  "err": {},
                  "uuid": "8514041e-7e17-48d3-bfe4-0a186f820902",
                  "parentUUID": "002bade8-3ee5-4803-9ac2-17181df652d5",
                  "isHook": false,
                  "skipped": false
                },
                {
                  "title": "Invalid button sizes, equal or smaller than xl",
                  "fullTitle": "WARNING.INVALID_BUTTON_SIZE INVALID Invalid button sizes, equal or smaller than xl",
                  "timedOut": false,
                  "duration": 1,
                  "state": "passed",
                  "speed": "fast",
                  "pass": true,
                  "fail": false,
                  "pending": false,
                  "context": null,
[...]
                  "err": {},
                  "uuid": "67ea6c65-ea03-45db-8290-6b2c4dd0679b",
                  "parentUUID": "49c4bf19-bc80-490a-a0f1-7eb6ef083c13",
                  "isHook": false,
                  "skipped": false
                },
                {
                  "title": "Nested warning elements of different text sizes inside one warning block",
                  "fullTitle": "WARNING.TEXT_SIZES_SHOULD_BE_EQUAL INVALID Nested warning elements of different text sizes inside one warning block",
                  "timedOut": false,
                  "duration": 0,
                  "state": "passed",
                  "speed": "fast",
                  "pass": true,
                  "fail": false,
                  "pending": false,
                  "context": null,
                  "code": "const inputJson = `{ \n              \"block\": \"warning\",\n              \"content\": [\n                  { \n                      \"block\": \"warning\", \n                      \"elem\": \"content\",\n                      \"content\": [\n                          { \"block\": \"text\", \"mods\": { \"size\": \"m\" } },\n                          {\n                              \"block\": \"warning\",\n                              \"elem\": \"button-wrapper\",\n                              \"content\": [\n                                  { \"block\": \"text\", \"mods\": { \"size\": \"l\" } }\n                              ]\n                          },\n                          { \"block\": \"text\", \"mods\": { \"size\": \"m\" } }\n                      ]\n                  },\n                  { \"block\": \"text\", \"mods\": { \"size\": \"l\" } }\n              ]\n          }`;\n          \n          const result = lint(inputJson);\n          expect(result).to.be.an('array').that.is.deep.equal([\n              {\n                  \"code\": \"WARNING.TEXT_SIZES_SHOULD_BE_EQUAL\",\n                  \"error\": \"Тексты в блоке warning должны быть одного размера и должны быть заданы\",\n                  \"location\": {\n                      \"start\": { \"column\": 1, \"line\": 1 },\n                      \"end\": { \"column\": 14, \"line\": 21 }\n                  }\n              }\n          ]);",
                  "err": {},
                  "uuid": "06e7a69a-75a0-41d2-9f79-ab093e98e517",
                  "parentUUID": "49c4bf19-bc80-490a-a0f1-7eb6ef083c13",
                  "isHook": false,
                  "skipped": false
                }
              ],
              "suites": [],
              "passes": [
                "11cca699-674e-4110-8829-dcd81d32a90d",
                "8e9956f6-254d-41c1-bae2-67c3da57a3a2",
                "3ee6f968-bf4d-49e8-8123-32421217cc45",
                "dfe8be2f-c705-4400-86ce-2c2d1472bff7",
                "f24d37fe-9b9f-4abb-bb82-8943aea29fd5",
                "5593725f-8080-4b2a-bf54-3f87a8fe9a51",
                "e89360c0-2aec-4c4e-8bbd-7ef36051fed8",
                "7ab08a18-3222-4bfe-a573-97883cca7d5c",
                "2d7393c1-74d4-4380-99eb-ab7202757932",
                "31240ee7-417f-4b19-be20-e38c716873a6",
                "67ea6c65-ea03-45db-8290-6b2c4dd0679b",
                "06e7a69a-75a0-41d2-9f79-ab093e98e517"
              ],
              "failures": [],
              "pending": [],
              "skipped": [],
              "duration": 3,
              "root": false,
              "rootEmpty": false,
              "_timeout": 2000
            },
            {
              "uuid": "52a7efe6-9ed6-4939-a3fb-650ce0d3337b",
              "title": "VALID",
              "fullFile": "C:\\Users\\kar\\Documents\\Web\\shri\\2020\\moscow\\february\\task2\\stub\\test\\test-warning-text-size.js",
              "file": "\\test\\test-warning-text-size.js",
              "beforeHooks": [],
              "afterHooks": [],
              "tests": [
                {
                  "title": "2 text blocks of size-l",
                  "fullTitle": "WARNING.TEXT_SIZES_SHOULD_BE_EQUAL VALID 2 text blocks of size-l",
                  "timedOut": false,
                  "duration": 0,
                  "state": "passed",
                  "speed": "fast",
                  "pass": true,
                  "fail": false,
                  "pending": false,
                  "context": null,
                  "code": "const inputJson = `\n          { \n              \"block\": \"warning\",\n              \"content\": \n                  [\n                      { \n                          \"block\": \"placeholder\",\n                          \"mods\": { \"size\": \"m\" }\n                      },\n                      {  \n                          \"elem\": \"content\",\n                          \"content\": \n                              [\n                                  { \n                                      \"block\": \"text\",\n                                      \"mods\": { \"size\": \"l\" }\n                                  },\n                                  {  \n                                      \"block\": \"text\",\n                                      \"mods\": { \"size\": \"l\" }\n                                  }\n                              ]\n                      }\n                  ]\n          }`;\n          \n          const result = lint(inputJson);\n          expect(result).to.be.an('array').that.is.empty;",
                  "err": {},
                  "uuid": "1b21de92-cd94-4494-8589-28c34e3faa24",
                  "parentUUID": "52a7efe6-9ed6-4939-a3fb-650ce0d3337b",
                  "isHook": false,
                  "skipped": false
                },
                {
                  "title": "3 text blocks of size-m, 3rd level children,content is object",
                  "fullTitle": "WARNING.TEXT_SIZES_SHOULD_BE_EQUAL VALID 3 text blocks of size-m, 3rd level children,content is object",
                  "timedOut": false,
                  "duration": 0,
                  "state": "passed",
                  "speed": "fast",
                  "pass": true,
                  "fail": false,
                  "pending": false,
                  "context": null,
                  "code": "const inputJson = `\n          { \n              \"block\": \"warning\",\n              \"content\": \n                  { \n                      \"block\": \"warning\", \n                      \"elem\": \"content\",\n                      \"content\": \n                          {\n                              \"block\": \"warning\",\n                              \"elem\": \"button-wrapper\",\n                              \"content\":\n                                  [\n                                      { \n                                          \"block\": \"text\",\n                                          \"mods\": { \"size\": \"m\" }\n                                      },\n                                      {  \n                                          \"block\": \"text\",\n                                          \"mods\": { \"size\": \"m\" }\n                                      },\n                                      {  \n                                          \"block\": \"text\",\n                                          \"mods\": { \"size\": \"m\" }\n                                      }\n                                  ]\n                          }\n                  }\n          }`;\n          \n          const result = lint(inputJson);\n          expect(result).to.be.an('array').that.is.empty;",
                  "err": {},
                  "uuid": "6a9bd583-20c5-4c33-9019-0c8fa24fb31e",
                  "parentUUID": "52a7efe6-9ed6-4939-a3fb-650ce0d3337b",
                  "isHook": false,
                  "skipped": false
                },
                {
                  "title": "3 nested warning blocks of different text sizes",
                  "fullTitle": "WARNING.TEXT_SIZES_SHOULD_BE_EQUAL VALID 3 nested warning blocks of different text sizes",
                  "timedOut": false,
                  "duration": 1,
                  "state": "passed",
                  "speed": "fast",
                  "pass": true,
                  "fail": false,
                  "pending": false,
                  "context": null,
                  "code": "const inputJson = `\n          { \n              \"block\": \"warning\",\n              \"content\": [\n                  { \n                      \"block\": \"text\",\n                      \"mods\": { \"size\": \"l\" }\n                  },\n                  { \n                      \"block\": \"warning\", \n                      \"content\": [\n                          { \n                              \"block\": \"text\",\n                              \"mods\": { \"size\": \"m\" }\n                          },\n                          {\n                              \"block\": \"warning\",\n                              \"content\":\n                                  [\n                                      { \n                                          \"block\": \"text\",\n                                          \"mods\": { \"size\": \"l\" }\n                                      },\n                                      {  \n                                          \"block\": \"text\",\n                                          \"mods\": { \"size\": \"l\" }\n                                      },\n                                      {  \n                                          \"block\": \"text\",\n                                          \"mods\": { \"size\": \"l\" }\n                                      }\n                                  ]\n                          },\n                          {  \n                              \"block\": \"text\",\n                              \"mods\": { \"size\": \"m\" }\n                          },\n                          {  \n                              \"block\": \"text\",\n                              \"mods\": { \"size\": \"m\" }\n                          }\n                      ]\n                  },\n                  { \n                      \"block\": \"text\",\n                      \"mods\": { \"size\": \"l\" }\n                  }\n              ]\n          }`;\n          \n          const result = lint(inputJson);\n          expect(result).to.be.an('array').that.is.empty;",
                  "err": {},
                  "uuid": "bfe4ddb8-597e-41d7-813b-359177619afa",
                  "parentUUID": "52a7efe6-9ed6-4939-a3fb-650ce0d3337b",
                  "isHook": false,
                  "skipped": false
                },
                {
                  "title": "no warning block with non-equal text sizes",
                  "fullTitle": "WARNING.TEXT_SIZES_SHOULD_BE_EQUAL VALID no warning block with non-equal text sizes",
                  "timedOut": false,
                  "duration": 1,
                  "state": "passed",
                  "speed": "fast",
                  "pass": true,
                  "fail": false,
                  "pending": false,
                  "context": null,
                  "code": "const inputJson = `\n          { \n              \"block\": \"not-a-warning-block\",\n              \"content\": {  \n                  \"elem\": \"content\",\n                  \"content\": \n                      [\n                          { \n                              \"block\": \"text\",\n                              \"mods\": { \"size\": \"m\" }\n                          },\n                          {  \n                              \"block\": \"text\",\n                              \"mods\": { \"size\": \"l\" }\n                          }\n                      ]\n              }\n          }`;\n          \n          const result = lint(inputJson);\n          expect(result).to.be.an('array').that.is.empty;",
                  "err": {},
                  "uuid": "f23412fe-adbd-446c-88bd-a0e64d7e7196",
                  "parentUUID": "52a7efe6-9ed6-4939-a3fb-650ce0d3337b",
                  "isHook": false,
                  "skipped": false
                },
                {
                  "title": "no warning block with not set text sizes",
                  "fullTitle": "WARNING.TEXT_SIZES_SHOULD_BE_EQUAL VALID no warning block with not set text sizes",
                  "timedOut": false,
                  "duration": 0,
                  "state": "passed",
                  "speed": "fast",
                  "pass": true,
                  "fail": false,
                  "pending": false,
                  "context": null,
                  "code": "const inputJson = `\n          { \n              \"block\": \"not-a-warning-block\",\n              \"content\": {  \n                  \"elem\": \"content\",\n                  \"content\": \n                      [\n                          { \n                              \"block\": \"text\",\n                              \"mods\": { \"size\": \"\" }\n                          },\n                          {  \n                              \"block\": \"text\",\n                              \"mods\": { \"prop\": \"l\" }\n                          },\n                          {  \n                              \"block\": \"text\"\n                          }\n                      ]\n              }\n          }`;\n          \n          const result = lint(inputJson);\n          expect(result).to.be.an('array').that.is.empty;",
                  "err": {},
                  "uuid": "ee5b8bc7-85af-423e-93df-43bd52d5f049",
                  "parentUUID": "52a7efe6-9ed6-4939-a3fb-650ce0d3337b",
                  "isHook": false,
                  "skipped": false
                },
                {
                  "title": "Separate nested warning blocks with different text sizes",
                  "fullTitle": "WARNING.TEXT_SIZES_SHOULD_BE_EQUAL VALID Separate nested warning blocks with different text sizes",
                  "timedOut": false,
                  "duration": 0,
                  "state": "passed",
                  "speed": "fast",
                  "pass": true,
                  "fail": false,
                  "pending": false,
                  "context": null,
                  "code": "const inputJson = `{ \n              \"block\": \"warning\",\n              \"content\": [\n                  {\"block\": \"text\", \"mods\": { \"size\": \"s\" } },\n                  { \n                      \"block\": \"warning\", \n                      \"content\": [\n                          {\n                              \"block\": \"warning\",\n                              \"content\": [\n                                  { \"block\": \"text\", \"mods\": { \"size\": \"m\" } },\n                                  { \"block\": \"text\", \"mods\": { \"size\": \"m\" } },\n                                  { \"block\": \"text\", \"mods\": { \"size\": \"m\" } }\n                              ]\n                          },\n                          { \"block\": \"text\", \"mods\": { \"size\": \"l\" } }\n                      ]\n                  }\n              ]\n          }`;\n          \n          const result = lint(inputJson);\n          expect(result).to.be.an('array').that.is.empty;",
                  "err": {},
                  "uuid": "84f65bb4-e706-4bed-bcc0-8509a257469a",
                  "parentUUID": "52a7efe6-9ed6-4939-a3fb-650ce0d3337b",
                  "isHook": false,
                  "skipped": false
                }
              ],
              "suites": [],
              "passes": [
                "1b21de92-cd94-4494-8589-28c34e3faa24",
                "6a9bd583-20c5-4c33-9019-0c8fa24fb31e",
                "bfe4ddb8-597e-41d7-813b-359177619afa",
                "f23412fe-adbd-446c-88bd-a0e64d7e7196",
                "ee5b8bc7-85af-423e-93df-43bd52d5f049",
                "84f65bb4-e706-4bed-bcc0-8509a257469a"
              ],
              "failures": [],
              "pending": [],
              "skipped": [],
              "duration": 2,
              "root": false,
              "rootEmpty": false,
              "_timeout": 2000
            }
          ],
          "passes": [],
          "failures": [],
          "pending": [],
          "skipped": [],
          "duration": 0,
          "root": false,
          "rootEmpty": false,
          "_timeout": 2000
        },
        {
          "uuid": "8d4d1880-aef4-4eaa-8416-a04389e79377",
          "title": "Simple input",
          "fullFile": "C:\\Users\\kar\\Documents\\Web\\shri\\2020\\moscow\\february\\task2\\stub\\test\\test.js",
          "file": "\\test\\test.js",
          "beforeHooks": [],
          "afterHooks": [],
          "tests": [
            {
              "title": "empty input",
              "fullTitle": "Simple input empty input",
              "timedOut": false,
              "duration": 0,
              "state": "passed",
              "speed": "fast",
              "pass": true,
              "fail": false,
              "pending": false,
              "context": null,
              "code": "const result = lint('');\nexpect(result).to.be.an('array').that.is.empty;",
              "err": {},
              "uuid": "1688ea09-8b33-4d0d-9225-b5eadc7e339a",
              "parentUUID": "8d4d1880-aef4-4eaa-8416-a04389e79377",
              "isHook": false,
              "skipped": false
            },
            {
              "title": "empty object",
              "fullTitle": "Simple input empty object",
              "timedOut": false,
              "duration": 0,
              "state": "passed",
              "speed": "fast",
              "pass": true,
              "fail": false,
              "pending": false,
              "context": null,
              "code": "const result = lint('{}');\nexpect(result).to.be.an('array').that.is.empty;",
              "err": {},
              "uuid": "03e64e9f-932c-4b24-9fba-3b609ff8e405",
              "parentUUID": "8d4d1880-aef4-4eaa-8416-a04389e79377",
              "isHook": false,
              "skipped": false
            },
            {
              "title": "empty warning",
              "fullTitle": "Simple input empty warning",
              "timedOut": false,
              "duration": 0,
              "state": "passed",
              "speed": "fast",
              "pass": true,
              "fail": false,
              "pending": false,
              "context": null,
              "code": "const result = lint('{ \"block\": \"warning\"}');\nexpect(result).to.be.an('array').that.is.empty;",
              "err": {},
              "uuid": "d5e0b9e8-f89f-42fb-b77e-b27c92ad79c8",
              "parentUUID": "8d4d1880-aef4-4eaa-8416-a04389e79377",
              "isHook": false,
              "skipped": false
            }
          ],
          "suites": [],
          "passes": [
            "1688ea09-8b33-4d0d-9225-b5eadc7e339a",
            "03e64e9f-932c-4b24-9fba-3b609ff8e405",
            "d5e0b9e8-f89f-42fb-b77e-b27c92ad79c8"
          ],
          "failures": [],
          "pending": [],
          "skipped": [],
          "duration": 0,
          "root": false,
          "rootEmpty": false,
          "_timeout": 2000
        }
      ],
      "passes": [],
      "failures": [],
      "pending": [],
      "skipped": [],
      "duration": 0,
      "root": true,
      "rootEmpty": true,
      "_timeout": 2000
    }
  ],
  "meta": {
    "mocha": {
      "version": "6.2.2"
    },
    "mochawesome": {
      "options": {
        "quiet": false,
        "reportFilename": "mochawesome",
        "saveHtml": true,
        "saveJson": true,
        "consoleReporter": "spec",
        "useInlineDiffs": false
      },
      "version": "4.1.0"
    },
    "marge": {
      "options": null,
      "version": "4.1.0"
    }
  }
}